


ARM Macro Assembler    Page 1 


    1 00000000         ;/******************************************************
                       ********************//**
    2 00000000         ; * @file     startup_TM4C123.s
    3 00000000         ; * @brief    CMSIS Cortex-M4 Core Device Startup File f
                       or
    4 00000000         ; *           TI Tiva TM4C123 Blizzard Class Device
    5 00000000         ; * @version  V1.00
    6 00000000         ; * @date     15. May 2013
    7 00000000         ; *
    8 00000000         ; * @note
    9 00000000         ; * Copyright (C) 2011 ARM Limited. All rights reserved.
                       
   10 00000000         ; *
   11 00000000         ; * @par
   12 00000000         ; * ARM Limited (ARM) is supplying this software for use
                        with Cortex-M
   13 00000000         ; * processor based microcontrollers.  This file can be 
                       freely distributed
   14 00000000         ; * within development tools that are supporting such AR
                       M based processors.
   15 00000000         ; *
   16 00000000         ; * @par
   17 00000000         ; * THIS SOFTWARE IS PROVIDED "AS IS".  NO WARRANTIES, W
                       HETHER EXPRESS, IMPLIED
   18 00000000         ; * OR STATUTORY, INCLUDING, BUT NOT LIMITED TO, IMPLIED
                        WARRANTIES OF
   19 00000000         ; * MERCHANTABILITY AND FITNESS FOR A PARTICULAR PURPOSE
                        APPLY TO THIS SOFTWARE.
   20 00000000         ; * ARM SHALL NOT, IN ANY CIRCUMSTANCES, BE LIABLE FOR S
                       PECIAL, INCIDENTAL, OR
   21 00000000         ; * CONSEQUENTIAL DAMAGES, FOR ANY REASON WHATSOEVER.
   22 00000000         ; *
   23 00000000         ; ******************************************************
                       ************************/
   24 00000000         ;/*
   25 00000000         ;//-------- <<< Use Configuration Wizard in Context Menu
                        >>> ------------------
   26 00000000         ;*/
   27 00000000         
   28 00000000         
   29 00000000         ; <h> Stack Configuration
   30 00000000         ;   <o> Stack Size (in Bytes) <0x0-0xFFFFFFFF:8>
   31 00000000         ; </h>
   32 00000000         
   33 00000000 00001000 
                       Stack_Size
                               EQU              0x00001000
   34 00000000         
   35 00000000                 AREA             STACK, NOINIT, READWRITE, ALIGN
=3
   36 00000000         Stack_Mem
                               SPACE            Stack_Size
   37 00001000         __initial_sp
   38 00001000         
   39 00001000         
   40 00001000         ; <h> Heap Configuration
   41 00001000         ;   <o>  Heap Size (in Bytes) <0x0-0xFFFFFFFF:8>
   42 00001000         ; </h>
   43 00001000         



ARM Macro Assembler    Page 2 


   44 00001000 00000000 
                       Heap_Size
                               EQU              0x00000000
   45 00001000         
   46 00001000                 AREA             HEAP, NOINIT, READWRITE, ALIGN=
3
   47 00000000         __heap_base
   48 00000000         Heap_Mem
                               SPACE            Heap_Size
   49 00000000         __heap_limit
   50 00000000         
   51 00000000         
   52 00000000                 PRESERVE8
   53 00000000                 THUMB
   54 00000000         
   55 00000000         
   56 00000000         
   57 00000000         
   58 00000000         ; Vector Table Mapped to Address 0 at Reset
   59 00000000         
   60 00000000                 AREA             RESET, DATA, READONLY
   61 00000000                 EXPORT           __Vectors
   62 00000000                 EXPORT           __Vectors_End
   63 00000000                 EXPORT           __Vectors_Size
   64 00000000         
   65 00000000 00000000 
                       __Vectors
                               DCD              __initial_sp ; Top of Stack
   66 00000004 00000000        DCD              Reset_Handler ; Reset Handler
   67 00000008 00000000        DCD              NMI_Handler ; NMI Handler
   68 0000000C 00000000        DCD              HardFault_Handler ; Hard Fault 
                                                            Handler
   69 00000010 00000000        DCD              MemManage_Handler 
                                                            ; MPU Fault Handler
                                                            
   70 00000014 00000000        DCD              BusFault_Handler 
                                                            ; Bus Fault Handler
                                                            
   71 00000018 00000000        DCD              UsageFault_Handler ; Usage Faul
                                                            t Handler
   72 0000001C 00000000        DCD              0           ; Reserved
   73 00000020 00000000        DCD              0           ; Reserved
   74 00000024 00000000        DCD              0           ; Reserved
   75 00000028 00000000        DCD              0           ; Reserved
   76 0000002C 00000000        DCD              SVC_Handler ; SVCall Handler
   77 00000030 00000000        DCD              DebugMon_Handler ; Debug Monito
                                                            r Handler
   78 00000034 00000000        DCD              0           ; Reserved
   79 00000038 00000000        DCD              PendSV_Handler ; PendSV Handler
                                                            
   80 0000003C 00000000        DCD              SysTick_Handler 
                                                            ; SysTick Handler
   81 00000040         
   82 00000040         ; External Interrupts
   83 00000040         
   84 00000040 00000000        DCD              GPIOA_Handler 
                                                            ;   0: GPIO Port A
   85 00000044 00000000        DCD              GPIOB_Handler 
                                                            ;   1: GPIO Port B



ARM Macro Assembler    Page 3 


   86 00000048 00000000        DCD              GPIOC_Handler 
                                                            ;   2: GPIO Port C
   87 0000004C 00000000        DCD              GPIOD_Handler 
                                                            ;   3: GPIO Port D
   88 00000050 00000000        DCD              GPIOE_Handler 
                                                            ;   4: GPIO Port E
   89 00000054 00000000        DCD              UART0_Handler ;   5: UART0 Rx a
                                                            nd Tx
   90 00000058 00000000        DCD              UART1_Handler ;   6: UART1 Rx a
                                                            nd Tx
   91 0000005C 00000000        DCD              SSI0_Handler ;   7: SSI0 Rx and
                                                             Tx
   92 00000060 00000000        DCD              I2C0_Handler ;   8: I2C0 Master
                                                             and Slave
   93 00000064 00000000        DCD              PMW0_FAULT_Handler 
                                                            ;   9: PWM Fault
   94 00000068 00000000        DCD              PWM0_0_Handler ;  10: PWM Gener
                                                            ator 0
   95 0000006C 00000000        DCD              PWM0_1_Handler ;  11: PWM Gener
                                                            ator 1
   96 00000070 00000000        DCD              PWM0_2_Handler ;  12: PWM Gener
                                                            ator 2
   97 00000074 00000000        DCD              QEI0_Handler ;  13: Quadrature 
                                                            Encoder 0
   98 00000078 00000000        DCD              ADC0SS0_Handler ;  14: ADC Sequ
                                                            ence 0
   99 0000007C 00000000        DCD              ADC0SS1_Handler ;  15: ADC Sequ
                                                            ence 1
  100 00000080 00000000        DCD              ADC0SS2_Handler ;  16: ADC Sequ
                                                            ence 2
  101 00000084 00000000        DCD              ADC0SS3_Handler ;  17: ADC Sequ
                                                            ence 3
  102 00000088 00000000        DCD              WDT0_Handler ;  18: Watchdog ti
                                                            mer
  103 0000008C 00000000        DCD              TIMER0A_Handler ;  19: Timer 0 
                                                            subtimer A
  104 00000090 00000000        DCD              TIMER0B_Handler ;  20: Timer 0 
                                                            subtimer B
  105 00000094 00000000        DCD              TIMER1A_Handler ;  21: Timer 1 
                                                            subtimer A
  106 00000098 00000000        DCD              TIMER1B_Handler ;  22: Timer 1 
                                                            subtimer B
  107 0000009C 00000000        DCD              TIMER2A_Handler ;  23: Timer 2 
                                                            subtimer A
  108 000000A0 00000000        DCD              TIMER2B_Handler ;  24: Timer 2 
                                                            subtimer B
  109 000000A4 00000000        DCD              COMP0_Handler ;  25: Analog Com
                                                            parator 0
  110 000000A8 00000000        DCD              COMP1_Handler ;  26: Analog Com
                                                            parator 1
  111 000000AC 00000000        DCD              COMP2_Handler ;  27: Analog Com
                                                            parator 2
  112 000000B0 00000000        DCD              SYSCTL_Handler ;  28: System Co
                                                            ntrol (PLL, OSC, BO
                                                            )
  113 000000B4 00000000        DCD              FLASH_Handler ;  29: FLASH Cont
                                                            rol
  114 000000B8 00000000        DCD              GPIOF_Handler 
                                                            ;  30: GPIO Port F



ARM Macro Assembler    Page 4 


  115 000000BC 00000000        DCD              GPIOG_Handler 
                                                            ;  31: GPIO Port G
  116 000000C0 00000000        DCD              GPIOH_Handler 
                                                            ;  32: GPIO Port H
  117 000000C4 00000000        DCD              UART2_Handler ;  33: UART2 Rx a
                                                            nd Tx
  118 000000C8 00000000        DCD              SSI1_Handler ;  34: SSI1 Rx and
                                                             Tx
  119 000000CC 00000000        DCD              TIMER3A_Handler ;  35: Timer 3 
                                                            subtimer A
  120 000000D0 00000000        DCD              TIMER3B_Handler ;  36: Timer 3 
                                                            subtimer B
  121 000000D4 00000000        DCD              I2C1_Handler ;  37: I2C1 Master
                                                             and Slave
  122 000000D8 00000000        DCD              QEI1_Handler ;  38: Quadrature 
                                                            Encoder 1
  123 000000DC 00000000        DCD              CAN0_Handler ;  39: CAN0
  124 000000E0 00000000        DCD              CAN1_Handler ;  40: CAN1
  125 000000E4 00000000        DCD              CAN2_Handler ;  41: CAN2
  126 000000E8 00000000        DCD              0           ;  42: Reserved
  127 000000EC 00000000        DCD              HIB_Handler ;  43: Hibernate
  128 000000F0 00000000        DCD              USB0_Handler ;  44: USB0
  129 000000F4 00000000        DCD              PWM0_3_Handler ;  45: PWM Gener
                                                            ator 3
  130 000000F8 00000000        DCD              UDMA_Handler ;  46: uDMA Softwa
                                                            re Transfer
  131 000000FC 00000000        DCD              UDMAERR_Handler 
                                                            ;  47: uDMA Error
  132 00000100 00000000        DCD              ADC1SS0_Handler ;  48: ADC1 Seq
                                                            uence 0
  133 00000104 00000000        DCD              ADC1SS1_Handler ;  49: ADC1 Seq
                                                            uence 1
  134 00000108 00000000        DCD              ADC1SS2_Handler ;  50: ADC1 Seq
                                                            uence 2
  135 0000010C 00000000        DCD              ADC1SS3_Handler ;  51: ADC1 Seq
                                                            uence 3
  136 00000110 00000000        DCD              0           ;  52: Reserved
  137 00000114 00000000        DCD              0           ;  53: Reserved
  138 00000118 00000000        DCD              GPIOJ_Handler 
                                                            ;  54: GPIO Port J
  139 0000011C 00000000        DCD              GPIOK_Handler 
                                                            ;  55: GPIO Port K
  140 00000120 00000000        DCD              GPIOL_Handler 
                                                            ;  56: GPIO Port L
  141 00000124 00000000        DCD              SSI2_Handler ;  57: SSI2 Rx and
                                                             Tx
  142 00000128 00000000        DCD              SSI3_Handler ;  58: SSI3 Rx and
                                                             Tx
  143 0000012C 00000000        DCD              UART3_Handler ;  59: UART3 Rx a
                                                            nd Tx
  144 00000130 00000000        DCD              UART4_Handler ;  60: UART4 Rx a
                                                            nd Tx
  145 00000134 00000000        DCD              UART5_Handler ;  61: UART5 Rx a
                                                            nd Tx
  146 00000138 00000000        DCD              UART6_Handler ;  62: UART6 Rx a
                                                            nd Tx
  147 0000013C 00000000        DCD              UART7_Handler ;  63: UART7 Rx a
                                                            nd Tx
  148 00000140 00000000        DCD              0           ;  64: Reserved



ARM Macro Assembler    Page 5 


  149 00000144 00000000        DCD              0           ;  65: Reserved
  150 00000148 00000000        DCD              0           ;  66: Reserved
  151 0000014C 00000000        DCD              0           ;  67: Reserved
  152 00000150 00000000        DCD              I2C2_Handler ;  68: I2C2 Master
                                                             and Slave
  153 00000154 00000000        DCD              I2C3_Handler ;  69: I2C3 Master
                                                             and Slave
  154 00000158 00000000        DCD              TIMER4A_Handler ;  70: Timer 4 
                                                            subtimer A
  155 0000015C 00000000        DCD              TIMER4B_Handler ;  71: Timer 4 
                                                            subtimer B
  156 00000160 00000000        DCD              0           ;  72: Reserved
  157 00000164 00000000        DCD              0           ;  73: Reserved
  158 00000168 00000000        DCD              0           ;  74: Reserved
  159 0000016C 00000000        DCD              0           ;  75: Reserved
  160 00000170 00000000        DCD              0           ;  76: Reserved
  161 00000174 00000000        DCD              0           ;  77: Reserved
  162 00000178 00000000        DCD              0           ;  78: Reserved
  163 0000017C 00000000        DCD              0           ;  79: Reserved
  164 00000180 00000000        DCD              0           ;  80: Reserved
  165 00000184 00000000        DCD              0           ;  81: Reserved
  166 00000188 00000000        DCD              0           ;  82: Reserved
  167 0000018C 00000000        DCD              0           ;  83: Reserved
  168 00000190 00000000        DCD              0           ;  84: Reserved
  169 00000194 00000000        DCD              0           ;  85: Reserved
  170 00000198 00000000        DCD              0           ;  86: Reserved
  171 0000019C 00000000        DCD              0           ;  87: Reserved
  172 000001A0 00000000        DCD              0           ;  88: Reserved
  173 000001A4 00000000        DCD              0           ;  89: Reserved
  174 000001A8 00000000        DCD              0           ;  90: Reserved
  175 000001AC 00000000        DCD              0           ;  91: Reserved
  176 000001B0 00000000        DCD              TIMER5A_Handler ;  92: Timer 5 
                                                            subtimer A
  177 000001B4 00000000        DCD              TIMER5B_Handler ;  93: Timer 5 
                                                            subtimer B
  178 000001B8 00000000        DCD              WTIMER0A_Handler ;  94: Wide Ti
                                                            mer 0 subtimer A
  179 000001BC 00000000        DCD              WTIMER0B_Handler ;  95: Wide Ti
                                                            mer 0 subtimer B
  180 000001C0 00000000        DCD              WTIMER1A_Handler ;  96: Wide Ti
                                                            mer 1 subtimer A
  181 000001C4 00000000        DCD              WTIMER1B_Handler ;  97: Wide Ti
                                                            mer 1 subtimer B
  182 000001C8 00000000        DCD              WTIMER2A_Handler ;  98: Wide Ti
                                                            mer 2 subtimer A
  183 000001CC 00000000        DCD              WTIMER2B_Handler ;  99: Wide Ti
                                                            mer 2 subtimer B
  184 000001D0 00000000        DCD              WTIMER3A_Handler ; 100: Wide Ti
                                                            mer 3 subtimer A
  185 000001D4 00000000        DCD              WTIMER3B_Handler ; 101: Wide Ti
                                                            mer 3 subtimer B
  186 000001D8 00000000        DCD              WTIMER4A_Handler ; 102: Wide Ti
                                                            mer 4 subtimer A
  187 000001DC 00000000        DCD              WTIMER4B_Handler ; 103: Wide Ti
                                                            mer 4 subtimer B
  188 000001E0 00000000        DCD              WTIMER5A_Handler ; 104: Wide Ti
                                                            mer 5 subtimer A
  189 000001E4 00000000        DCD              WTIMER5B_Handler ; 105: Wide Ti
                                                            mer 5 subtimer B



ARM Macro Assembler    Page 6 


  190 000001E8 00000000        DCD              FPU_Handler ; 106: FPU
  191 000001EC 00000000        DCD              0           ; 107: Reserved
  192 000001F0 00000000        DCD              0           ; 108: Reserved
  193 000001F4 00000000        DCD              I2C4_Handler ; 109: I2C4 Master
                                                             and Slave
  194 000001F8 00000000        DCD              I2C5_Handler ; 110: I2C5 Master
                                                             and Slave
  195 000001FC 00000000        DCD              GPIOM_Handler 
                                                            ; 111: GPIO Port M
  196 00000200 00000000        DCD              GPION_Handler 
                                                            ; 112: GPIO Port N
  197 00000204 00000000        DCD              QEI2_Handler ; 113: Quadrature 
                                                            Encoder 2
  198 00000208 00000000        DCD              0           ; 114: Reserved
  199 0000020C 00000000        DCD              0           ; 115: Reserved
  200 00000210 00000000        DCD              GPIOP0_Handler ; 116: GPIO Port
                                                             P (Summary or P0)
  201 00000214 00000000        DCD              GPIOP1_Handler 
                                                            ; 117: GPIO Port P1
                                                            
  202 00000218 00000000        DCD              GPIOP2_Handler 
                                                            ; 118: GPIO Port P2
                                                            
  203 0000021C 00000000        DCD              GPIOP3_Handler 
                                                            ; 119: GPIO Port P3
                                                            
  204 00000220 00000000        DCD              GPIOP4_Handler 
                                                            ; 120: GPIO Port P4
                                                            
  205 00000224 00000000        DCD              GPIOP5_Handler 
                                                            ; 121: GPIO Port P5
                                                            
  206 00000228 00000000        DCD              GPIOP6_Handler 
                                                            ; 122: GPIO Port P6
                                                            
  207 0000022C 00000000        DCD              GPIOP7_Handler 
                                                            ; 123: GPIO Port P7
                                                            
  208 00000230 00000000        DCD              GPIOQ0_Handler ; 124: GPIO Port
                                                             Q (Summary or Q0)
  209 00000234 00000000        DCD              GPIOQ1_Handler 
                                                            ; 125: GPIO Port Q1
                                                            
  210 00000238 00000000        DCD              GPIOQ2_Handler 
                                                            ; 126: GPIO Port Q2
                                                            
  211 0000023C 00000000        DCD              GPIOQ3_Handler 
                                                            ; 127: GPIO Port Q3
                                                            
  212 00000240 00000000        DCD              GPIOQ4_Handler 
                                                            ; 128: GPIO Port Q4
                                                            
  213 00000244 00000000        DCD              GPIOQ5_Handler 
                                                            ; 129: GPIO Port Q5
                                                            
  214 00000248 00000000        DCD              GPIOQ6_Handler 
                                                            ; 130: GPIO Port Q6
                                                            
  215 0000024C 00000000        DCD              GPIOQ7_Handler 



ARM Macro Assembler    Page 7 


                                                            ; 131: GPIO Port Q7
                                                            
  216 00000250 00000000        DCD              GPIOR_Handler 
                                                            ; 132: GPIO Port R
  217 00000254 00000000        DCD              GPIOS_Handler 
                                                            ; 133: GPIO Port S
  218 00000258 00000000        DCD              PMW1_0_Handler ; 134: PWM 1 Gen
                                                            erator 0
  219 0000025C 00000000        DCD              PWM1_1_Handler ; 135: PWM 1 Gen
                                                            erator 1
  220 00000260 00000000        DCD              PWM1_2_Handler ; 136: PWM 1 Gen
                                                            erator 2
  221 00000264 00000000        DCD              PWM1_3_Handler ; 137: PWM 1 Gen
                                                            erator 3
  222 00000268 00000000        DCD              PWM1_FAULT_Handler 
                                                            ; 138: PWM 1 Fault
  223 0000026C         
  224 0000026C         __Vectors_End
  225 0000026C         
  226 0000026C 0000026C 
                       __Vectors_Size
                               EQU              __Vectors_End - __Vectors
  227 0000026C         
  228 0000026C                 AREA             |.text|, CODE, READONLY
  229 00000000         
  230 00000000         
  231 00000000         ; Reset Handler
  232 00000000         
  233 00000000         Reset_Handler
                               PROC
  234 00000000                 EXPORT           Reset_Handler             [WEAK
]
  235 00000000                 IMPORT           SystemInit
  236 00000000                 IMPORT           __main
  237 00000000 483C            LDR              R0, =SystemInit
  238 00000002 4780            BLX              R0
  239 00000004 483C            LDR              R0, =__main
  240 00000006 4700            BX               R0
  241 00000008                 ENDP
  242 00000008         
  243 00000008         
  244 00000008         ; Dummy Exception Handlers (infinite loops which can be 
                       modified)
  245 00000008         
  246 00000008         NMI_Handler
                               PROC
  247 00000008                 EXPORT           NMI_Handler               [WEAK
]
  248 00000008 E7FE            B                .
  249 0000000A                 ENDP
  251 0000000A         HardFault_Handler
                               PROC
  252 0000000A                 EXPORT           HardFault_Handler         [WEAK
]
  253 0000000A E7FE            B                .
  254 0000000C                 ENDP
  256 0000000C         MemManage_Handler
                               PROC
  257 0000000C                 EXPORT           MemManage_Handler         [WEAK



ARM Macro Assembler    Page 8 


]
  258 0000000C E7FE            B                .
  259 0000000E                 ENDP
  261 0000000E         BusFault_Handler
                               PROC
  262 0000000E                 EXPORT           BusFault_Handler          [WEAK
]
  263 0000000E E7FE            B                .
  264 00000010                 ENDP
  266 00000010         UsageFault_Handler
                               PROC
  267 00000010                 EXPORT           UsageFault_Handler        [WEAK
]
  268 00000010 E7FE            B                .
  269 00000012                 ENDP
  270 00000012         SVC_Handler
                               PROC
  271 00000012                 EXPORT           SVC_Handler               [WEAK
]
  272 00000012 E7FE            B                .
  273 00000014                 ENDP
  275 00000014         DebugMon_Handler
                               PROC
  276 00000014                 EXPORT           DebugMon_Handler          [WEAK
]
  277 00000014 E7FE            B                .
  278 00000016                 ENDP
  280 00000016         PendSV_Handler
                               PROC
  281 00000016                 EXPORT           PendSV_Handler            [WEAK
]
  282 00000016 E7FE            B                .
  283 00000018                 ENDP
  285 00000018         SysTick_Handler
                               PROC
  286 00000018                 EXPORT           SysTick_Handler           [WEAK
]
  287 00000018 E7FE            B                .
  288 0000001A                 ENDP
  289 0000001A         
  291 0000001A         GPIOA_Handler
                               PROC
  292 0000001A                 EXPORT           GPIOA_Handler [WEAK]
  293 0000001A E7FE            B                .
  294 0000001C                 ENDP
  295 0000001C         
  297 0000001C         GPIOB_Handler
                               PROC
  298 0000001C                 EXPORT           GPIOB_Handler [WEAK]
  299 0000001C E7FE            B                .
  300 0000001E                 ENDP
  301 0000001E         
  303 0000001E         GPIOC_Handler
                               PROC
  304 0000001E                 EXPORT           GPIOC_Handler [WEAK]
  305 0000001E E7FE            B                .
  306 00000020                 ENDP
  307 00000020         
  309 00000020         GPIOD_Handler



ARM Macro Assembler    Page 9 


                               PROC
  310 00000020                 EXPORT           GPIOD_Handler [WEAK]
  311 00000020 E7FE            B                .
  312 00000022                 ENDP
  313 00000022         
  315 00000022         GPIOE_Handler
                               PROC
  316 00000022                 EXPORT           GPIOE_Handler [WEAK]
  317 00000022 E7FE            B                .
  318 00000024                 ENDP
  319 00000024         
  321 00000024         UART0_Handler
                               PROC
  322 00000024                 EXPORT           UART0_Handler [WEAK]
  323 00000024 E7FE            B                .
  324 00000026                 ENDP
  325 00000026         
  327 00000026         UART1_Handler
                               PROC
  328 00000026                 EXPORT           UART1_Handler [WEAK]
  329 00000026 E7FE            B                .
  330 00000028                 ENDP
  331 00000028         
  333 00000028         SSI0_Handler
                               PROC
  334 00000028                 EXPORT           SSI0_Handler [WEAK]
  335 00000028 E7FE            B                .
  336 0000002A                 ENDP
  337 0000002A         
  339 0000002A         I2C0_Handler
                               PROC
  340 0000002A                 EXPORT           I2C0_Handler [WEAK]
  341 0000002A E7FE            B                .
  342 0000002C                 ENDP
  343 0000002C         
  345 0000002C         PMW0_FAULT_Handler
                               PROC
  346 0000002C                 EXPORT           PMW0_FAULT_Handler [WEAK]
  347 0000002C E7FE            B                .
  348 0000002E                 ENDP
  349 0000002E         
  351 0000002E         PWM0_0_Handler
                               PROC
  352 0000002E                 EXPORT           PWM0_0_Handler [WEAK]
  353 0000002E E7FE            B                .
  354 00000030                 ENDP
  355 00000030         
  357 00000030         PWM0_1_Handler
                               PROC
  358 00000030                 EXPORT           PWM0_1_Handler [WEAK]
  359 00000030 E7FE            B                .
  360 00000032                 ENDP
  361 00000032         
  363 00000032         PWM0_2_Handler
                               PROC
  364 00000032                 EXPORT           PWM0_2_Handler [WEAK]
  365 00000032 E7FE            B                .
  366 00000034                 ENDP
  367 00000034         



ARM Macro Assembler    Page 10 


  369 00000034         QEI0_Handler
                               PROC
  370 00000034                 EXPORT           QEI0_Handler [WEAK]
  371 00000034 E7FE            B                .
  372 00000036                 ENDP
  373 00000036         
  375 00000036         ADC0SS0_Handler
                               PROC
  376 00000036                 EXPORT           ADC0SS0_Handler [WEAK]
  377 00000036 E7FE            B                .
  378 00000038                 ENDP
  379 00000038         
  381 00000038         ADC0SS1_Handler
                               PROC
  382 00000038                 EXPORT           ADC0SS1_Handler [WEAK]
  383 00000038 E7FE            B                .
  384 0000003A                 ENDP
  385 0000003A         
  387 0000003A         ADC0SS2_Handler
                               PROC
  388 0000003A                 EXPORT           ADC0SS2_Handler [WEAK]
  389 0000003A E7FE            B                .
  390 0000003C                 ENDP
  391 0000003C         
  393 0000003C         ADC0SS3_Handler
                               PROC
  394 0000003C                 EXPORT           ADC0SS3_Handler [WEAK]
  395 0000003C E7FE            B                .
  396 0000003E                 ENDP
  397 0000003E         
  399 0000003E         WDT0_Handler
                               PROC
  400 0000003E                 EXPORT           WDT0_Handler [WEAK]
  401 0000003E E7FE            B                .
  402 00000040                 ENDP
  403 00000040         
  405 00000040         TIMER0A_Handler
                               PROC
  406 00000040                 EXPORT           TIMER0A_Handler [WEAK]
  407 00000040 E7FE            B                .
  408 00000042                 ENDP
  409 00000042         
  411 00000042         TIMER0B_Handler
                               PROC
  412 00000042                 EXPORT           TIMER0B_Handler [WEAK]
  413 00000042 E7FE            B                .
  414 00000044                 ENDP
  415 00000044         
  417 00000044         TIMER1A_Handler
                               PROC
  418 00000044                 EXPORT           TIMER1A_Handler [WEAK]
  419 00000044 E7FE            B                .
  420 00000046                 ENDP
  421 00000046         
  423 00000046         TIMER1B_Handler
                               PROC
  424 00000046                 EXPORT           TIMER1B_Handler [WEAK]
  425 00000046 E7FE            B                .
  426 00000048                 ENDP



ARM Macro Assembler    Page 11 


  427 00000048         
  429 00000048         TIMER2A_Handler
                               PROC
  430 00000048                 EXPORT           TIMER2A_Handler [WEAK]
  431 00000048 E7FE            B                .
  432 0000004A                 ENDP
  433 0000004A         
  435 0000004A         TIMER2B_Handler
                               PROC
  436 0000004A                 EXPORT           TIMER2B_Handler [WEAK]
  437 0000004A E7FE            B                .
  438 0000004C                 ENDP
  439 0000004C         
  441 0000004C         COMP0_Handler
                               PROC
  442 0000004C                 EXPORT           COMP0_Handler [WEAK]
  443 0000004C E7FE            B                .
  444 0000004E                 ENDP
  445 0000004E         
  447 0000004E         COMP1_Handler
                               PROC
  448 0000004E                 EXPORT           COMP1_Handler [WEAK]
  449 0000004E E7FE            B                .
  450 00000050                 ENDP
  451 00000050         
  453 00000050         COMP2_Handler
                               PROC
  454 00000050                 EXPORT           COMP2_Handler [WEAK]
  455 00000050 E7FE            B                .
  456 00000052                 ENDP
  457 00000052         
  459 00000052         SYSCTL_Handler
                               PROC
  460 00000052                 EXPORT           SYSCTL_Handler [WEAK]
  461 00000052 E7FE            B                .
  462 00000054                 ENDP
  463 00000054         
  465 00000054         FLASH_Handler
                               PROC
  466 00000054                 EXPORT           FLASH_Handler [WEAK]
  467 00000054 E7FE            B                .
  468 00000056                 ENDP
  469 00000056         
  471 00000056         GPIOF_Handler
                               PROC
  472 00000056                 EXPORT           GPIOF_Handler [WEAK]
  473 00000056 E7FE            B                .
  474 00000058                 ENDP
  475 00000058         
  477 00000058         GPIOG_Handler
                               PROC
  478 00000058                 EXPORT           GPIOG_Handler [WEAK]
  479 00000058 E7FE            B                .
  480 0000005A                 ENDP
  481 0000005A         
  483 0000005A         GPIOH_Handler
                               PROC
  484 0000005A                 EXPORT           GPIOH_Handler [WEAK]
  485 0000005A E7FE            B                .



ARM Macro Assembler    Page 12 


  486 0000005C                 ENDP
  487 0000005C         
  489 0000005C         UART2_Handler
                               PROC
  490 0000005C                 EXPORT           UART2_Handler [WEAK]
  491 0000005C E7FE            B                .
  492 0000005E                 ENDP
  493 0000005E         
  495 0000005E         SSI1_Handler
                               PROC
  496 0000005E                 EXPORT           SSI1_Handler [WEAK]
  497 0000005E E7FE            B                .
  498 00000060                 ENDP
  499 00000060         
  501 00000060         TIMER3A_Handler
                               PROC
  502 00000060                 EXPORT           TIMER3A_Handler [WEAK]
  503 00000060 E7FE            B                .
  504 00000062                 ENDP
  505 00000062         
  507 00000062         TIMER3B_Handler
                               PROC
  508 00000062                 EXPORT           TIMER3B_Handler [WEAK]
  509 00000062 E7FE            B                .
  510 00000064                 ENDP
  511 00000064         
  513 00000064         I2C1_Handler
                               PROC
  514 00000064                 EXPORT           I2C1_Handler [WEAK]
  515 00000064 E7FE            B                .
  516 00000066                 ENDP
  517 00000066         
  519 00000066         QEI1_Handler
                               PROC
  520 00000066                 EXPORT           QEI1_Handler [WEAK]
  521 00000066 E7FE            B                .
  522 00000068                 ENDP
  523 00000068         
  525 00000068         CAN0_Handler
                               PROC
  526 00000068                 EXPORT           CAN0_Handler [WEAK]
  527 00000068 E7FE            B                .
  528 0000006A                 ENDP
  529 0000006A         
  531 0000006A         CAN1_Handler
                               PROC
  532 0000006A                 EXPORT           CAN1_Handler [WEAK]
  533 0000006A E7FE            B                .
  534 0000006C                 ENDP
  535 0000006C         
  537 0000006C         CAN2_Handler
                               PROC
  538 0000006C                 EXPORT           CAN2_Handler [WEAK]
  539 0000006C E7FE            B                .
  540 0000006E                 ENDP
  541 0000006E         
  543 0000006E         HIB_Handler
                               PROC
  544 0000006E                 EXPORT           HIB_Handler [WEAK]



ARM Macro Assembler    Page 13 


  545 0000006E E7FE            B                .
  546 00000070                 ENDP
  547 00000070         
  549 00000070         USB0_Handler
                               PROC
  550 00000070                 EXPORT           USB0_Handler [WEAK]
  551 00000070 E7FE            B                .
  552 00000072                 ENDP
  553 00000072         
  555 00000072         PWM0_3_Handler
                               PROC
  556 00000072                 EXPORT           PWM0_3_Handler [WEAK]
  557 00000072 E7FE            B                .
  558 00000074                 ENDP
  559 00000074         
  561 00000074         UDMA_Handler
                               PROC
  562 00000074                 EXPORT           UDMA_Handler [WEAK]
  563 00000074 E7FE            B                .
  564 00000076                 ENDP
  565 00000076         
  567 00000076         UDMAERR_Handler
                               PROC
  568 00000076                 EXPORT           UDMAERR_Handler [WEAK]
  569 00000076 E7FE            B                .
  570 00000078                 ENDP
  571 00000078         
  573 00000078         ADC1SS0_Handler
                               PROC
  574 00000078                 EXPORT           ADC1SS0_Handler [WEAK]
  575 00000078 E7FE            B                .
  576 0000007A                 ENDP
  577 0000007A         
  579 0000007A         ADC1SS1_Handler
                               PROC
  580 0000007A                 EXPORT           ADC1SS1_Handler [WEAK]
  581 0000007A E7FE            B                .
  582 0000007C                 ENDP
  583 0000007C         
  585 0000007C         ADC1SS2_Handler
                               PROC
  586 0000007C                 EXPORT           ADC1SS2_Handler [WEAK]
  587 0000007C E7FE            B                .
  588 0000007E                 ENDP
  589 0000007E         
  591 0000007E         ADC1SS3_Handler
                               PROC
  592 0000007E                 EXPORT           ADC1SS3_Handler [WEAK]
  593 0000007E E7FE            B                .
  594 00000080                 ENDP
  595 00000080         
  597 00000080         GPIOJ_Handler
                               PROC
  598 00000080                 EXPORT           GPIOJ_Handler [WEAK]
  599 00000080 E7FE            B                .
  600 00000082                 ENDP
  601 00000082         
  603 00000082         GPIOK_Handler
                               PROC



ARM Macro Assembler    Page 14 


  604 00000082                 EXPORT           GPIOK_Handler [WEAK]
  605 00000082 E7FE            B                .
  606 00000084                 ENDP
  607 00000084         
  609 00000084         GPIOL_Handler
                               PROC
  610 00000084                 EXPORT           GPIOL_Handler [WEAK]
  611 00000084 E7FE            B                .
  612 00000086                 ENDP
  613 00000086         
  615 00000086         SSI2_Handler
                               PROC
  616 00000086                 EXPORT           SSI2_Handler [WEAK]
  617 00000086 E7FE            B                .
  618 00000088                 ENDP
  619 00000088         
  621 00000088         SSI3_Handler
                               PROC
  622 00000088                 EXPORT           SSI3_Handler [WEAK]
  623 00000088 E7FE            B                .
  624 0000008A                 ENDP
  625 0000008A         
  627 0000008A         UART3_Handler
                               PROC
  628 0000008A                 EXPORT           UART3_Handler [WEAK]
  629 0000008A E7FE            B                .
  630 0000008C                 ENDP
  631 0000008C         
  633 0000008C         UART4_Handler
                               PROC
  634 0000008C                 EXPORT           UART4_Handler [WEAK]
  635 0000008C E7FE            B                .
  636 0000008E                 ENDP
  637 0000008E         
  639 0000008E         UART5_Handler
                               PROC
  640 0000008E                 EXPORT           UART5_Handler [WEAK]
  641 0000008E E7FE            B                .
  642 00000090                 ENDP
  643 00000090         
  645 00000090         UART6_Handler
                               PROC
  646 00000090                 EXPORT           UART6_Handler [WEAK]
  647 00000090 E7FE            B                .
  648 00000092                 ENDP
  649 00000092         
  651 00000092         UART7_Handler
                               PROC
  652 00000092                 EXPORT           UART7_Handler [WEAK]
  653 00000092 E7FE            B                .
  654 00000094                 ENDP
  655 00000094         
  657 00000094         I2C2_Handler
                               PROC
  658 00000094                 EXPORT           I2C2_Handler [WEAK]
  659 00000094 E7FE            B                .
  660 00000096                 ENDP
  661 00000096         
  663 00000096         I2C3_Handler



ARM Macro Assembler    Page 15 


                               PROC
  664 00000096                 EXPORT           I2C3_Handler [WEAK]
  665 00000096 E7FE            B                .
  666 00000098                 ENDP
  667 00000098         
  669 00000098         TIMER4A_Handler
                               PROC
  670 00000098                 EXPORT           TIMER4A_Handler [WEAK]
  671 00000098 E7FE            B                .
  672 0000009A                 ENDP
  673 0000009A         
  675 0000009A         TIMER4B_Handler
                               PROC
  676 0000009A                 EXPORT           TIMER4B_Handler [WEAK]
  677 0000009A E7FE            B                .
  678 0000009C                 ENDP
  679 0000009C         
  681 0000009C         TIMER5A_Handler
                               PROC
  682 0000009C                 EXPORT           TIMER5A_Handler [WEAK]
  683 0000009C E7FE            B                .
  684 0000009E                 ENDP
  685 0000009E         
  687 0000009E         TIMER5B_Handler
                               PROC
  688 0000009E                 EXPORT           TIMER5B_Handler [WEAK]
  689 0000009E E7FE            B                .
  690 000000A0                 ENDP
  691 000000A0         
  693 000000A0         WTIMER0A_Handler
                               PROC
  694 000000A0                 EXPORT           WTIMER0A_Handler [WEAK]
  695 000000A0 E7FE            B                .
  696 000000A2                 ENDP
  697 000000A2         
  699 000000A2         WTIMER0B_Handler
                               PROC
  700 000000A2                 EXPORT           WTIMER0B_Handler [WEAK]
  701 000000A2 E7FE            B                .
  702 000000A4                 ENDP
  703 000000A4         
  705 000000A4         WTIMER1A_Handler
                               PROC
  706 000000A4                 EXPORT           WTIMER1A_Handler [WEAK]
  707 000000A4 E7FE            B                .
  708 000000A6                 ENDP
  709 000000A6         
  711 000000A6         WTIMER1B_Handler
                               PROC
  712 000000A6                 EXPORT           WTIMER1B_Handler [WEAK]
  713 000000A6 E7FE            B                .
  714 000000A8                 ENDP
  715 000000A8         
  717 000000A8         WTIMER2A_Handler
                               PROC
  718 000000A8                 EXPORT           WTIMER2A_Handler [WEAK]
  719 000000A8 E7FE            B                .
  720 000000AA                 ENDP
  721 000000AA         



ARM Macro Assembler    Page 16 


  723 000000AA         WTIMER2B_Handler
                               PROC
  724 000000AA                 EXPORT           WTIMER2B_Handler [WEAK]
  725 000000AA E7FE            B                .
  726 000000AC                 ENDP
  727 000000AC         
  729 000000AC         WTIMER3A_Handler
                               PROC
  730 000000AC                 EXPORT           WTIMER3A_Handler [WEAK]
  731 000000AC E7FE            B                .
  732 000000AE                 ENDP
  733 000000AE         
  735 000000AE         WTIMER3B_Handler
                               PROC
  736 000000AE                 EXPORT           WTIMER3B_Handler [WEAK]
  737 000000AE E7FE            B                .
  738 000000B0                 ENDP
  739 000000B0         
  741 000000B0         WTIMER4A_Handler
                               PROC
  742 000000B0                 EXPORT           WTIMER4A_Handler [WEAK]
  743 000000B0 E7FE            B                .
  744 000000B2                 ENDP
  745 000000B2         
  747 000000B2         WTIMER4B_Handler
                               PROC
  748 000000B2                 EXPORT           WTIMER4B_Handler [WEAK]
  749 000000B2 E7FE            B                .
  750 000000B4                 ENDP
  751 000000B4         
  753 000000B4         WTIMER5A_Handler
                               PROC
  754 000000B4                 EXPORT           WTIMER5A_Handler [WEAK]
  755 000000B4 E7FE            B                .
  756 000000B6                 ENDP
  757 000000B6         
  759 000000B6         WTIMER5B_Handler
                               PROC
  760 000000B6                 EXPORT           WTIMER5B_Handler [WEAK]
  761 000000B6 E7FE            B                .
  762 000000B8                 ENDP
  763 000000B8         
  765 000000B8         FPU_Handler
                               PROC
  766 000000B8                 EXPORT           FPU_Handler [WEAK]
  767 000000B8 E7FE            B                .
  768 000000BA                 ENDP
  769 000000BA         
  771 000000BA         I2C4_Handler
                               PROC
  772 000000BA                 EXPORT           I2C4_Handler [WEAK]
  773 000000BA E7FE            B                .
  774 000000BC                 ENDP
  775 000000BC         
  777 000000BC         I2C5_Handler
                               PROC
  778 000000BC                 EXPORT           I2C5_Handler [WEAK]
  779 000000BC E7FE            B                .
  780 000000BE                 ENDP



ARM Macro Assembler    Page 17 


  781 000000BE         
  783 000000BE         GPIOM_Handler
                               PROC
  784 000000BE                 EXPORT           GPIOM_Handler [WEAK]
  785 000000BE E7FE            B                .
  786 000000C0                 ENDP
  787 000000C0         
  789 000000C0         GPION_Handler
                               PROC
  790 000000C0                 EXPORT           GPION_Handler [WEAK]
  791 000000C0 E7FE            B                .
  792 000000C2                 ENDP
  793 000000C2         
  795 000000C2         QEI2_Handler
                               PROC
  796 000000C2                 EXPORT           QEI2_Handler [WEAK]
  797 000000C2 E7FE            B                .
  798 000000C4                 ENDP
  799 000000C4         
  801 000000C4         GPIOP0_Handler
                               PROC
  802 000000C4                 EXPORT           GPIOP0_Handler [WEAK]
  803 000000C4 E7FE            B                .
  804 000000C6                 ENDP
  805 000000C6         
  807 000000C6         GPIOP1_Handler
                               PROC
  808 000000C6                 EXPORT           GPIOP1_Handler [WEAK]
  809 000000C6 E7FE            B                .
  810 000000C8                 ENDP
  811 000000C8         
  813 000000C8         GPIOP2_Handler
                               PROC
  814 000000C8                 EXPORT           GPIOP2_Handler [WEAK]
  815 000000C8 E7FE            B                .
  816 000000CA                 ENDP
  817 000000CA         
  819 000000CA         GPIOP3_Handler
                               PROC
  820 000000CA                 EXPORT           GPIOP3_Handler [WEAK]
  821 000000CA E7FE            B                .
  822 000000CC                 ENDP
  823 000000CC         
  825 000000CC         GPIOP4_Handler
                               PROC
  826 000000CC                 EXPORT           GPIOP4_Handler [WEAK]
  827 000000CC E7FE            B                .
  828 000000CE                 ENDP
  829 000000CE         
  831 000000CE         GPIOP5_Handler
                               PROC
  832 000000CE                 EXPORT           GPIOP5_Handler [WEAK]
  833 000000CE E7FE            B                .
  834 000000D0                 ENDP
  835 000000D0         
  837 000000D0         GPIOP6_Handler
                               PROC
  838 000000D0                 EXPORT           GPIOP6_Handler [WEAK]
  839 000000D0 E7FE            B                .



ARM Macro Assembler    Page 18 


  840 000000D2                 ENDP
  841 000000D2         
  843 000000D2         GPIOP7_Handler
                               PROC
  844 000000D2                 EXPORT           GPIOP7_Handler [WEAK]
  845 000000D2 E7FE            B                .
  846 000000D4                 ENDP
  847 000000D4         
  849 000000D4         GPIOQ0_Handler
                               PROC
  850 000000D4                 EXPORT           GPIOQ0_Handler [WEAK]
  851 000000D4 E7FE            B                .
  852 000000D6                 ENDP
  853 000000D6         
  855 000000D6         GPIOQ1_Handler
                               PROC
  856 000000D6                 EXPORT           GPIOQ1_Handler [WEAK]
  857 000000D6 E7FE            B                .
  858 000000D8                 ENDP
  859 000000D8         
  861 000000D8         GPIOQ2_Handler
                               PROC
  862 000000D8                 EXPORT           GPIOQ2_Handler [WEAK]
  863 000000D8 E7FE            B                .
  864 000000DA                 ENDP
  865 000000DA         
  867 000000DA         GPIOQ3_Handler
                               PROC
  868 000000DA                 EXPORT           GPIOQ3_Handler [WEAK]
  869 000000DA E7FE            B                .
  870 000000DC                 ENDP
  871 000000DC         
  873 000000DC         GPIOQ4_Handler
                               PROC
  874 000000DC                 EXPORT           GPIOQ4_Handler [WEAK]
  875 000000DC E7FE            B                .
  876 000000DE                 ENDP
  877 000000DE         
  879 000000DE         GPIOQ5_Handler
                               PROC
  880 000000DE                 EXPORT           GPIOQ5_Handler [WEAK]
  881 000000DE E7FE            B                .
  882 000000E0                 ENDP
  883 000000E0         
  885 000000E0         GPIOQ6_Handler
                               PROC
  886 000000E0                 EXPORT           GPIOQ6_Handler [WEAK]
  887 000000E0 E7FE            B                .
  888 000000E2                 ENDP
  889 000000E2         
  891 000000E2         GPIOQ7_Handler
                               PROC
  892 000000E2                 EXPORT           GPIOQ7_Handler [WEAK]
  893 000000E2 E7FE            B                .
  894 000000E4                 ENDP
  895 000000E4         
  897 000000E4         GPIOR_Handler
                               PROC
  898 000000E4                 EXPORT           GPIOR_Handler [WEAK]



ARM Macro Assembler    Page 19 


  899 000000E4 E7FE            B                .
  900 000000E6                 ENDP
  901 000000E6         
  903 000000E6         GPIOS_Handler
                               PROC
  904 000000E6                 EXPORT           GPIOS_Handler [WEAK]
  905 000000E6 E7FE            B                .
  906 000000E8                 ENDP
  907 000000E8         
  909 000000E8         PMW1_0_Handler
                               PROC
  910 000000E8                 EXPORT           PMW1_0_Handler [WEAK]
  911 000000E8 E7FE            B                .
  912 000000EA                 ENDP
  913 000000EA         
  915 000000EA         PWM1_1_Handler
                               PROC
  916 000000EA                 EXPORT           PWM1_1_Handler [WEAK]
  917 000000EA E7FE            B                .
  918 000000EC                 ENDP
  919 000000EC         
  921 000000EC         PWM1_2_Handler
                               PROC
  922 000000EC                 EXPORT           PWM1_2_Handler [WEAK]
  923 000000EC E7FE            B                .
  924 000000EE                 ENDP
  925 000000EE         
  927 000000EE         PWM1_3_Handler
                               PROC
  928 000000EE                 EXPORT           PWM1_3_Handler [WEAK]
  929 000000EE E7FE            B                .
  930 000000F0                 ENDP
  931 000000F0         
  933 000000F0         PWM1_FAULT_Handler
                               PROC
  934 000000F0                 EXPORT           PWM1_FAULT_Handler [WEAK]
  935 000000F0 E7FE            B                .
  936 000000F2                 ENDP
  937 000000F2         
  938 000000F2 00 00           ALIGN
  939 000000F4         
  940 000000F4         
  941 000000F4         ; User Initial Stack & Heap
  942 000000F4         
  943 000000F4                 IF               :DEF:__MICROLIB
  944 000000F4         
  945 000000F4                 EXPORT           __initial_sp
  946 000000F4                 EXPORT           __heap_base
  947 000000F4                 EXPORT           __heap_limit
  948 000000F4         
  949 000000F4                 ELSE
  963                          ENDIF
  964 000000F4         
  965 000000F4         
  966 000000F4                 END
              00000000 
              00000000 
Command Line: --debug --xref --cpu=Cortex-M4.fp --apcs=interwork --depend=.\obj
\startup_tm4c123.d -o.\obj\startup_tm4c123.o -I"I:\my docs\ECE 353\ICE-12-SPI-N



ARM Macro Assembler    Page 20 


ordic\ICE-12-SPI-Nordic\src\RTE" -IC:\AppV\mdk_510\ARM\PACK\ARM\CMSIS\4.1.1\CMS
IS\Include -IC:\AppV\mdk_510\ARM\PACK\Keil\TM4C_DFP\1.0.0\Device\Include\TM4C12
3 --predefine="__EVAL SETA 1" --predefine="__MICROLIB SETA 1" --list=.\lst\star
tup_tm4c123.lst RTE\Device\TM4C123GH6PM\startup_TM4C123.s



ARM Macro Assembler    Page 1 Alphabetic symbol ordering
Relocatable symbols

STACK 00000000

Symbol: STACK
   Definitions
      At line 35 in file RTE\Device\TM4C123GH6PM\startup_TM4C123.s
   Uses
      None
Comment: STACK unused
Stack_Mem 00000000

Symbol: Stack_Mem
   Definitions
      At line 36 in file RTE\Device\TM4C123GH6PM\startup_TM4C123.s
   Uses
      None
Comment: Stack_Mem unused
__initial_sp 00001000

Symbol: __initial_sp
   Definitions
      At line 37 in file RTE\Device\TM4C123GH6PM\startup_TM4C123.s
   Uses
      At line 65 in file RTE\Device\TM4C123GH6PM\startup_TM4C123.s
      At line 945 in file RTE\Device\TM4C123GH6PM\startup_TM4C123.s

3 symbols



ARM Macro Assembler    Page 1 Alphabetic symbol ordering
Relocatable symbols

HEAP 00000000

Symbol: HEAP
   Definitions
      At line 46 in file RTE\Device\TM4C123GH6PM\startup_TM4C123.s
   Uses
      None
Comment: HEAP unused
Heap_Mem 00000000

Symbol: Heap_Mem
   Definitions
      At line 48 in file RTE\Device\TM4C123GH6PM\startup_TM4C123.s
   Uses
      None
Comment: Heap_Mem unused
__heap_base 00000000

Symbol: __heap_base
   Definitions
      At line 47 in file RTE\Device\TM4C123GH6PM\startup_TM4C123.s
   Uses
      At line 946 in file RTE\Device\TM4C123GH6PM\startup_TM4C123.s
Comment: __heap_base used once
__heap_limit 00000000

Symbol: __heap_limit
   Definitions
      At line 49 in file RTE\Device\TM4C123GH6PM\startup_TM4C123.s
   Uses
      At line 947 in file RTE\Device\TM4C123GH6PM\startup_TM4C123.s
Comment: __heap_limit used once
4 symbols



ARM Macro Assembler    Page 1 Alphabetic symbol ordering
Relocatable symbols

RESET 00000000

Symbol: RESET
   Definitions
      At line 60 in file RTE\Device\TM4C123GH6PM\startup_TM4C123.s
   Uses
      None
Comment: RESET unused
__Vectors 00000000

Symbol: __Vectors
   Definitions
      At line 65 in file RTE\Device\TM4C123GH6PM\startup_TM4C123.s
   Uses
      At line 61 in file RTE\Device\TM4C123GH6PM\startup_TM4C123.s
      At line 226 in file RTE\Device\TM4C123GH6PM\startup_TM4C123.s

__Vectors_End 0000026C

Symbol: __Vectors_End
   Definitions
      At line 224 in file RTE\Device\TM4C123GH6PM\startup_TM4C123.s
   Uses
      At line 62 in file RTE\Device\TM4C123GH6PM\startup_TM4C123.s
      At line 226 in file RTE\Device\TM4C123GH6PM\startup_TM4C123.s

3 symbols



ARM Macro Assembler    Page 1 Alphabetic symbol ordering
Relocatable symbols

.text 00000000

Symbol: .text
   Definitions
      At line 228 in file RTE\Device\TM4C123GH6PM\startup_TM4C123.s
   Uses
      None
Comment: .text unused
ADC0SS0_Handler 00000036

Symbol: ADC0SS0_Handler
   Definitions
      At line 375 in file RTE\Device\TM4C123GH6PM\startup_TM4C123.s
   Uses
      At line 98 in file RTE\Device\TM4C123GH6PM\startup_TM4C123.s
      At line 376 in file RTE\Device\TM4C123GH6PM\startup_TM4C123.s

ADC0SS1_Handler 00000038

Symbol: ADC0SS1_Handler
   Definitions
      At line 381 in file RTE\Device\TM4C123GH6PM\startup_TM4C123.s
   Uses
      At line 99 in file RTE\Device\TM4C123GH6PM\startup_TM4C123.s
      At line 382 in file RTE\Device\TM4C123GH6PM\startup_TM4C123.s

ADC0SS2_Handler 0000003A

Symbol: ADC0SS2_Handler
   Definitions
      At line 387 in file RTE\Device\TM4C123GH6PM\startup_TM4C123.s
   Uses
      At line 100 in file RTE\Device\TM4C123GH6PM\startup_TM4C123.s
      At line 388 in file RTE\Device\TM4C123GH6PM\startup_TM4C123.s

ADC0SS3_Handler 0000003C

Symbol: ADC0SS3_Handler
   Definitions
      At line 393 in file RTE\Device\TM4C123GH6PM\startup_TM4C123.s
   Uses
      At line 101 in file RTE\Device\TM4C123GH6PM\startup_TM4C123.s
      At line 394 in file RTE\Device\TM4C123GH6PM\startup_TM4C123.s

ADC1SS0_Handler 00000078

Symbol: ADC1SS0_Handler
   Definitions
      At line 573 in file RTE\Device\TM4C123GH6PM\startup_TM4C123.s
   Uses
      At line 132 in file RTE\Device\TM4C123GH6PM\startup_TM4C123.s
      At line 574 in file RTE\Device\TM4C123GH6PM\startup_TM4C123.s

ADC1SS1_Handler 0000007A

Symbol: ADC1SS1_Handler
   Definitions
      At line 579 in file RTE\Device\TM4C123GH6PM\startup_TM4C123.s
   Uses



ARM Macro Assembler    Page 2 Alphabetic symbol ordering
Relocatable symbols

      At line 133 in file RTE\Device\TM4C123GH6PM\startup_TM4C123.s
      At line 580 in file RTE\Device\TM4C123GH6PM\startup_TM4C123.s

ADC1SS2_Handler 0000007C

Symbol: ADC1SS2_Handler
   Definitions
      At line 585 in file RTE\Device\TM4C123GH6PM\startup_TM4C123.s
   Uses
      At line 134 in file RTE\Device\TM4C123GH6PM\startup_TM4C123.s
      At line 586 in file RTE\Device\TM4C123GH6PM\startup_TM4C123.s

ADC1SS3_Handler 0000007E

Symbol: ADC1SS3_Handler
   Definitions
      At line 591 in file RTE\Device\TM4C123GH6PM\startup_TM4C123.s
   Uses
      At line 135 in file RTE\Device\TM4C123GH6PM\startup_TM4C123.s
      At line 592 in file RTE\Device\TM4C123GH6PM\startup_TM4C123.s

BusFault_Handler 0000000E

Symbol: BusFault_Handler
   Definitions
      At line 261 in file RTE\Device\TM4C123GH6PM\startup_TM4C123.s
   Uses
      At line 70 in file RTE\Device\TM4C123GH6PM\startup_TM4C123.s
      At line 262 in file RTE\Device\TM4C123GH6PM\startup_TM4C123.s

CAN0_Handler 00000068

Symbol: CAN0_Handler
   Definitions
      At line 525 in file RTE\Device\TM4C123GH6PM\startup_TM4C123.s
   Uses
      At line 123 in file RTE\Device\TM4C123GH6PM\startup_TM4C123.s
      At line 526 in file RTE\Device\TM4C123GH6PM\startup_TM4C123.s

CAN1_Handler 0000006A

Symbol: CAN1_Handler
   Definitions
      At line 531 in file RTE\Device\TM4C123GH6PM\startup_TM4C123.s
   Uses
      At line 124 in file RTE\Device\TM4C123GH6PM\startup_TM4C123.s
      At line 532 in file RTE\Device\TM4C123GH6PM\startup_TM4C123.s

CAN2_Handler 0000006C

Symbol: CAN2_Handler
   Definitions
      At line 537 in file RTE\Device\TM4C123GH6PM\startup_TM4C123.s
   Uses
      At line 125 in file RTE\Device\TM4C123GH6PM\startup_TM4C123.s
      At line 538 in file RTE\Device\TM4C123GH6PM\startup_TM4C123.s

COMP0_Handler 0000004C




ARM Macro Assembler    Page 3 Alphabetic symbol ordering
Relocatable symbols

Symbol: COMP0_Handler
   Definitions
      At line 441 in file RTE\Device\TM4C123GH6PM\startup_TM4C123.s
   Uses
      At line 109 in file RTE\Device\TM4C123GH6PM\startup_TM4C123.s
      At line 442 in file RTE\Device\TM4C123GH6PM\startup_TM4C123.s

COMP1_Handler 0000004E

Symbol: COMP1_Handler
   Definitions
      At line 447 in file RTE\Device\TM4C123GH6PM\startup_TM4C123.s
   Uses
      At line 110 in file RTE\Device\TM4C123GH6PM\startup_TM4C123.s
      At line 448 in file RTE\Device\TM4C123GH6PM\startup_TM4C123.s

COMP2_Handler 00000050

Symbol: COMP2_Handler
   Definitions
      At line 453 in file RTE\Device\TM4C123GH6PM\startup_TM4C123.s
   Uses
      At line 111 in file RTE\Device\TM4C123GH6PM\startup_TM4C123.s
      At line 454 in file RTE\Device\TM4C123GH6PM\startup_TM4C123.s

DebugMon_Handler 00000014

Symbol: DebugMon_Handler
   Definitions
      At line 275 in file RTE\Device\TM4C123GH6PM\startup_TM4C123.s
   Uses
      At line 77 in file RTE\Device\TM4C123GH6PM\startup_TM4C123.s
      At line 276 in file RTE\Device\TM4C123GH6PM\startup_TM4C123.s

FLASH_Handler 00000054

Symbol: FLASH_Handler
   Definitions
      At line 465 in file RTE\Device\TM4C123GH6PM\startup_TM4C123.s
   Uses
      At line 113 in file RTE\Device\TM4C123GH6PM\startup_TM4C123.s
      At line 466 in file RTE\Device\TM4C123GH6PM\startup_TM4C123.s

FPU_Handler 000000B8

Symbol: FPU_Handler
   Definitions
      At line 765 in file RTE\Device\TM4C123GH6PM\startup_TM4C123.s
   Uses
      At line 190 in file RTE\Device\TM4C123GH6PM\startup_TM4C123.s
      At line 766 in file RTE\Device\TM4C123GH6PM\startup_TM4C123.s

GPIOA_Handler 0000001A

Symbol: GPIOA_Handler
   Definitions
      At line 291 in file RTE\Device\TM4C123GH6PM\startup_TM4C123.s
   Uses
      At line 84 in file RTE\Device\TM4C123GH6PM\startup_TM4C123.s



ARM Macro Assembler    Page 4 Alphabetic symbol ordering
Relocatable symbols

      At line 292 in file RTE\Device\TM4C123GH6PM\startup_TM4C123.s

GPIOB_Handler 0000001C

Symbol: GPIOB_Handler
   Definitions
      At line 297 in file RTE\Device\TM4C123GH6PM\startup_TM4C123.s
   Uses
      At line 85 in file RTE\Device\TM4C123GH6PM\startup_TM4C123.s
      At line 298 in file RTE\Device\TM4C123GH6PM\startup_TM4C123.s

GPIOC_Handler 0000001E

Symbol: GPIOC_Handler
   Definitions
      At line 303 in file RTE\Device\TM4C123GH6PM\startup_TM4C123.s
   Uses
      At line 86 in file RTE\Device\TM4C123GH6PM\startup_TM4C123.s
      At line 304 in file RTE\Device\TM4C123GH6PM\startup_TM4C123.s

GPIOD_Handler 00000020

Symbol: GPIOD_Handler
   Definitions
      At line 309 in file RTE\Device\TM4C123GH6PM\startup_TM4C123.s
   Uses
      At line 87 in file RTE\Device\TM4C123GH6PM\startup_TM4C123.s
      At line 310 in file RTE\Device\TM4C123GH6PM\startup_TM4C123.s

GPIOE_Handler 00000022

Symbol: GPIOE_Handler
   Definitions
      At line 315 in file RTE\Device\TM4C123GH6PM\startup_TM4C123.s
   Uses
      At line 88 in file RTE\Device\TM4C123GH6PM\startup_TM4C123.s
      At line 316 in file RTE\Device\TM4C123GH6PM\startup_TM4C123.s

GPIOF_Handler 00000056

Symbol: GPIOF_Handler
   Definitions
      At line 471 in file RTE\Device\TM4C123GH6PM\startup_TM4C123.s
   Uses
      At line 114 in file RTE\Device\TM4C123GH6PM\startup_TM4C123.s
      At line 472 in file RTE\Device\TM4C123GH6PM\startup_TM4C123.s

GPIOG_Handler 00000058

Symbol: GPIOG_Handler
   Definitions
      At line 477 in file RTE\Device\TM4C123GH6PM\startup_TM4C123.s
   Uses
      At line 115 in file RTE\Device\TM4C123GH6PM\startup_TM4C123.s
      At line 478 in file RTE\Device\TM4C123GH6PM\startup_TM4C123.s

GPIOH_Handler 0000005A

Symbol: GPIOH_Handler



ARM Macro Assembler    Page 5 Alphabetic symbol ordering
Relocatable symbols

   Definitions
      At line 483 in file RTE\Device\TM4C123GH6PM\startup_TM4C123.s
   Uses
      At line 116 in file RTE\Device\TM4C123GH6PM\startup_TM4C123.s
      At line 484 in file RTE\Device\TM4C123GH6PM\startup_TM4C123.s

GPIOJ_Handler 00000080

Symbol: GPIOJ_Handler
   Definitions
      At line 597 in file RTE\Device\TM4C123GH6PM\startup_TM4C123.s
   Uses
      At line 138 in file RTE\Device\TM4C123GH6PM\startup_TM4C123.s
      At line 598 in file RTE\Device\TM4C123GH6PM\startup_TM4C123.s

GPIOK_Handler 00000082

Symbol: GPIOK_Handler
   Definitions
      At line 603 in file RTE\Device\TM4C123GH6PM\startup_TM4C123.s
   Uses
      At line 139 in file RTE\Device\TM4C123GH6PM\startup_TM4C123.s
      At line 604 in file RTE\Device\TM4C123GH6PM\startup_TM4C123.s

GPIOL_Handler 00000084

Symbol: GPIOL_Handler
   Definitions
      At line 609 in file RTE\Device\TM4C123GH6PM\startup_TM4C123.s
   Uses
      At line 140 in file RTE\Device\TM4C123GH6PM\startup_TM4C123.s
      At line 610 in file RTE\Device\TM4C123GH6PM\startup_TM4C123.s

GPIOM_Handler 000000BE

Symbol: GPIOM_Handler
   Definitions
      At line 783 in file RTE\Device\TM4C123GH6PM\startup_TM4C123.s
   Uses
      At line 195 in file RTE\Device\TM4C123GH6PM\startup_TM4C123.s
      At line 784 in file RTE\Device\TM4C123GH6PM\startup_TM4C123.s

GPION_Handler 000000C0

Symbol: GPION_Handler
   Definitions
      At line 789 in file RTE\Device\TM4C123GH6PM\startup_TM4C123.s
   Uses
      At line 196 in file RTE\Device\TM4C123GH6PM\startup_TM4C123.s
      At line 790 in file RTE\Device\TM4C123GH6PM\startup_TM4C123.s

GPIOP0_Handler 000000C4

Symbol: GPIOP0_Handler
   Definitions
      At line 801 in file RTE\Device\TM4C123GH6PM\startup_TM4C123.s
   Uses
      At line 200 in file RTE\Device\TM4C123GH6PM\startup_TM4C123.s
      At line 802 in file RTE\Device\TM4C123GH6PM\startup_TM4C123.s



ARM Macro Assembler    Page 6 Alphabetic symbol ordering
Relocatable symbols


GPIOP1_Handler 000000C6

Symbol: GPIOP1_Handler
   Definitions
      At line 807 in file RTE\Device\TM4C123GH6PM\startup_TM4C123.s
   Uses
      At line 201 in file RTE\Device\TM4C123GH6PM\startup_TM4C123.s
      At line 808 in file RTE\Device\TM4C123GH6PM\startup_TM4C123.s

GPIOP2_Handler 000000C8

Symbol: GPIOP2_Handler
   Definitions
      At line 813 in file RTE\Device\TM4C123GH6PM\startup_TM4C123.s
   Uses
      At line 202 in file RTE\Device\TM4C123GH6PM\startup_TM4C123.s
      At line 814 in file RTE\Device\TM4C123GH6PM\startup_TM4C123.s

GPIOP3_Handler 000000CA

Symbol: GPIOP3_Handler
   Definitions
      At line 819 in file RTE\Device\TM4C123GH6PM\startup_TM4C123.s
   Uses
      At line 203 in file RTE\Device\TM4C123GH6PM\startup_TM4C123.s
      At line 820 in file RTE\Device\TM4C123GH6PM\startup_TM4C123.s

GPIOP4_Handler 000000CC

Symbol: GPIOP4_Handler
   Definitions
      At line 825 in file RTE\Device\TM4C123GH6PM\startup_TM4C123.s
   Uses
      At line 204 in file RTE\Device\TM4C123GH6PM\startup_TM4C123.s
      At line 826 in file RTE\Device\TM4C123GH6PM\startup_TM4C123.s

GPIOP5_Handler 000000CE

Symbol: GPIOP5_Handler
   Definitions
      At line 831 in file RTE\Device\TM4C123GH6PM\startup_TM4C123.s
   Uses
      At line 205 in file RTE\Device\TM4C123GH6PM\startup_TM4C123.s
      At line 832 in file RTE\Device\TM4C123GH6PM\startup_TM4C123.s

GPIOP6_Handler 000000D0

Symbol: GPIOP6_Handler
   Definitions
      At line 837 in file RTE\Device\TM4C123GH6PM\startup_TM4C123.s
   Uses
      At line 206 in file RTE\Device\TM4C123GH6PM\startup_TM4C123.s
      At line 838 in file RTE\Device\TM4C123GH6PM\startup_TM4C123.s

GPIOP7_Handler 000000D2

Symbol: GPIOP7_Handler
   Definitions



ARM Macro Assembler    Page 7 Alphabetic symbol ordering
Relocatable symbols

      At line 843 in file RTE\Device\TM4C123GH6PM\startup_TM4C123.s
   Uses
      At line 207 in file RTE\Device\TM4C123GH6PM\startup_TM4C123.s
      At line 844 in file RTE\Device\TM4C123GH6PM\startup_TM4C123.s

GPIOQ0_Handler 000000D4

Symbol: GPIOQ0_Handler
   Definitions
      At line 849 in file RTE\Device\TM4C123GH6PM\startup_TM4C123.s
   Uses
      At line 208 in file RTE\Device\TM4C123GH6PM\startup_TM4C123.s
      At line 850 in file RTE\Device\TM4C123GH6PM\startup_TM4C123.s

GPIOQ1_Handler 000000D6

Symbol: GPIOQ1_Handler
   Definitions
      At line 855 in file RTE\Device\TM4C123GH6PM\startup_TM4C123.s
   Uses
      At line 209 in file RTE\Device\TM4C123GH6PM\startup_TM4C123.s
      At line 856 in file RTE\Device\TM4C123GH6PM\startup_TM4C123.s

GPIOQ2_Handler 000000D8

Symbol: GPIOQ2_Handler
   Definitions
      At line 861 in file RTE\Device\TM4C123GH6PM\startup_TM4C123.s
   Uses
      At line 210 in file RTE\Device\TM4C123GH6PM\startup_TM4C123.s
      At line 862 in file RTE\Device\TM4C123GH6PM\startup_TM4C123.s

GPIOQ3_Handler 000000DA

Symbol: GPIOQ3_Handler
   Definitions
      At line 867 in file RTE\Device\TM4C123GH6PM\startup_TM4C123.s
   Uses
      At line 211 in file RTE\Device\TM4C123GH6PM\startup_TM4C123.s
      At line 868 in file RTE\Device\TM4C123GH6PM\startup_TM4C123.s

GPIOQ4_Handler 000000DC

Symbol: GPIOQ4_Handler
   Definitions
      At line 873 in file RTE\Device\TM4C123GH6PM\startup_TM4C123.s
   Uses
      At line 212 in file RTE\Device\TM4C123GH6PM\startup_TM4C123.s
      At line 874 in file RTE\Device\TM4C123GH6PM\startup_TM4C123.s

GPIOQ5_Handler 000000DE

Symbol: GPIOQ5_Handler
   Definitions
      At line 879 in file RTE\Device\TM4C123GH6PM\startup_TM4C123.s
   Uses
      At line 213 in file RTE\Device\TM4C123GH6PM\startup_TM4C123.s
      At line 880 in file RTE\Device\TM4C123GH6PM\startup_TM4C123.s




ARM Macro Assembler    Page 8 Alphabetic symbol ordering
Relocatable symbols

GPIOQ6_Handler 000000E0

Symbol: GPIOQ6_Handler
   Definitions
      At line 885 in file RTE\Device\TM4C123GH6PM\startup_TM4C123.s
   Uses
      At line 214 in file RTE\Device\TM4C123GH6PM\startup_TM4C123.s
      At line 886 in file RTE\Device\TM4C123GH6PM\startup_TM4C123.s

GPIOQ7_Handler 000000E2

Symbol: GPIOQ7_Handler
   Definitions
      At line 891 in file RTE\Device\TM4C123GH6PM\startup_TM4C123.s
   Uses
      At line 215 in file RTE\Device\TM4C123GH6PM\startup_TM4C123.s
      At line 892 in file RTE\Device\TM4C123GH6PM\startup_TM4C123.s

GPIOR_Handler 000000E4

Symbol: GPIOR_Handler
   Definitions
      At line 897 in file RTE\Device\TM4C123GH6PM\startup_TM4C123.s
   Uses
      At line 216 in file RTE\Device\TM4C123GH6PM\startup_TM4C123.s
      At line 898 in file RTE\Device\TM4C123GH6PM\startup_TM4C123.s

GPIOS_Handler 000000E6

Symbol: GPIOS_Handler
   Definitions
      At line 903 in file RTE\Device\TM4C123GH6PM\startup_TM4C123.s
   Uses
      At line 217 in file RTE\Device\TM4C123GH6PM\startup_TM4C123.s
      At line 904 in file RTE\Device\TM4C123GH6PM\startup_TM4C123.s

HIB_Handler 0000006E

Symbol: HIB_Handler
   Definitions
      At line 543 in file RTE\Device\TM4C123GH6PM\startup_TM4C123.s
   Uses
      At line 127 in file RTE\Device\TM4C123GH6PM\startup_TM4C123.s
      At line 544 in file RTE\Device\TM4C123GH6PM\startup_TM4C123.s

HardFault_Handler 0000000A

Symbol: HardFault_Handler
   Definitions
      At line 251 in file RTE\Device\TM4C123GH6PM\startup_TM4C123.s
   Uses
      At line 68 in file RTE\Device\TM4C123GH6PM\startup_TM4C123.s
      At line 252 in file RTE\Device\TM4C123GH6PM\startup_TM4C123.s

I2C0_Handler 0000002A

Symbol: I2C0_Handler
   Definitions
      At line 339 in file RTE\Device\TM4C123GH6PM\startup_TM4C123.s



ARM Macro Assembler    Page 9 Alphabetic symbol ordering
Relocatable symbols

   Uses
      At line 92 in file RTE\Device\TM4C123GH6PM\startup_TM4C123.s
      At line 340 in file RTE\Device\TM4C123GH6PM\startup_TM4C123.s

I2C1_Handler 00000064

Symbol: I2C1_Handler
   Definitions
      At line 513 in file RTE\Device\TM4C123GH6PM\startup_TM4C123.s
   Uses
      At line 121 in file RTE\Device\TM4C123GH6PM\startup_TM4C123.s
      At line 514 in file RTE\Device\TM4C123GH6PM\startup_TM4C123.s

I2C2_Handler 00000094

Symbol: I2C2_Handler
   Definitions
      At line 657 in file RTE\Device\TM4C123GH6PM\startup_TM4C123.s
   Uses
      At line 152 in file RTE\Device\TM4C123GH6PM\startup_TM4C123.s
      At line 658 in file RTE\Device\TM4C123GH6PM\startup_TM4C123.s

I2C3_Handler 00000096

Symbol: I2C3_Handler
   Definitions
      At line 663 in file RTE\Device\TM4C123GH6PM\startup_TM4C123.s
   Uses
      At line 153 in file RTE\Device\TM4C123GH6PM\startup_TM4C123.s
      At line 664 in file RTE\Device\TM4C123GH6PM\startup_TM4C123.s

I2C4_Handler 000000BA

Symbol: I2C4_Handler
   Definitions
      At line 771 in file RTE\Device\TM4C123GH6PM\startup_TM4C123.s
   Uses
      At line 193 in file RTE\Device\TM4C123GH6PM\startup_TM4C123.s
      At line 772 in file RTE\Device\TM4C123GH6PM\startup_TM4C123.s

I2C5_Handler 000000BC

Symbol: I2C5_Handler
   Definitions
      At line 777 in file RTE\Device\TM4C123GH6PM\startup_TM4C123.s
   Uses
      At line 194 in file RTE\Device\TM4C123GH6PM\startup_TM4C123.s
      At line 778 in file RTE\Device\TM4C123GH6PM\startup_TM4C123.s

MemManage_Handler 0000000C

Symbol: MemManage_Handler
   Definitions
      At line 256 in file RTE\Device\TM4C123GH6PM\startup_TM4C123.s
   Uses
      At line 69 in file RTE\Device\TM4C123GH6PM\startup_TM4C123.s
      At line 257 in file RTE\Device\TM4C123GH6PM\startup_TM4C123.s

NMI_Handler 00000008



ARM Macro Assembler    Page 10 Alphabetic symbol ordering
Relocatable symbols


Symbol: NMI_Handler
   Definitions
      At line 246 in file RTE\Device\TM4C123GH6PM\startup_TM4C123.s
   Uses
      At line 67 in file RTE\Device\TM4C123GH6PM\startup_TM4C123.s
      At line 247 in file RTE\Device\TM4C123GH6PM\startup_TM4C123.s

PMW0_FAULT_Handler 0000002C

Symbol: PMW0_FAULT_Handler
   Definitions
      At line 345 in file RTE\Device\TM4C123GH6PM\startup_TM4C123.s
   Uses
      At line 93 in file RTE\Device\TM4C123GH6PM\startup_TM4C123.s
      At line 346 in file RTE\Device\TM4C123GH6PM\startup_TM4C123.s

PMW1_0_Handler 000000E8

Symbol: PMW1_0_Handler
   Definitions
      At line 909 in file RTE\Device\TM4C123GH6PM\startup_TM4C123.s
   Uses
      At line 218 in file RTE\Device\TM4C123GH6PM\startup_TM4C123.s
      At line 910 in file RTE\Device\TM4C123GH6PM\startup_TM4C123.s

PWM0_0_Handler 0000002E

Symbol: PWM0_0_Handler
   Definitions
      At line 351 in file RTE\Device\TM4C123GH6PM\startup_TM4C123.s
   Uses
      At line 94 in file RTE\Device\TM4C123GH6PM\startup_TM4C123.s
      At line 352 in file RTE\Device\TM4C123GH6PM\startup_TM4C123.s

PWM0_1_Handler 00000030

Symbol: PWM0_1_Handler
   Definitions
      At line 357 in file RTE\Device\TM4C123GH6PM\startup_TM4C123.s
   Uses
      At line 95 in file RTE\Device\TM4C123GH6PM\startup_TM4C123.s
      At line 358 in file RTE\Device\TM4C123GH6PM\startup_TM4C123.s

PWM0_2_Handler 00000032

Symbol: PWM0_2_Handler
   Definitions
      At line 363 in file RTE\Device\TM4C123GH6PM\startup_TM4C123.s
   Uses
      At line 96 in file RTE\Device\TM4C123GH6PM\startup_TM4C123.s
      At line 364 in file RTE\Device\TM4C123GH6PM\startup_TM4C123.s

PWM0_3_Handler 00000072

Symbol: PWM0_3_Handler
   Definitions
      At line 555 in file RTE\Device\TM4C123GH6PM\startup_TM4C123.s
   Uses



ARM Macro Assembler    Page 11 Alphabetic symbol ordering
Relocatable symbols

      At line 129 in file RTE\Device\TM4C123GH6PM\startup_TM4C123.s
      At line 556 in file RTE\Device\TM4C123GH6PM\startup_TM4C123.s

PWM1_1_Handler 000000EA

Symbol: PWM1_1_Handler
   Definitions
      At line 915 in file RTE\Device\TM4C123GH6PM\startup_TM4C123.s
   Uses
      At line 219 in file RTE\Device\TM4C123GH6PM\startup_TM4C123.s
      At line 916 in file RTE\Device\TM4C123GH6PM\startup_TM4C123.s

PWM1_2_Handler 000000EC

Symbol: PWM1_2_Handler
   Definitions
      At line 921 in file RTE\Device\TM4C123GH6PM\startup_TM4C123.s
   Uses
      At line 220 in file RTE\Device\TM4C123GH6PM\startup_TM4C123.s
      At line 922 in file RTE\Device\TM4C123GH6PM\startup_TM4C123.s

PWM1_3_Handler 000000EE

Symbol: PWM1_3_Handler
   Definitions
      At line 927 in file RTE\Device\TM4C123GH6PM\startup_TM4C123.s
   Uses
      At line 221 in file RTE\Device\TM4C123GH6PM\startup_TM4C123.s
      At line 928 in file RTE\Device\TM4C123GH6PM\startup_TM4C123.s

PWM1_FAULT_Handler 000000F0

Symbol: PWM1_FAULT_Handler
   Definitions
      At line 933 in file RTE\Device\TM4C123GH6PM\startup_TM4C123.s
   Uses
      At line 222 in file RTE\Device\TM4C123GH6PM\startup_TM4C123.s
      At line 934 in file RTE\Device\TM4C123GH6PM\startup_TM4C123.s

PendSV_Handler 00000016

Symbol: PendSV_Handler
   Definitions
      At line 280 in file RTE\Device\TM4C123GH6PM\startup_TM4C123.s
   Uses
      At line 79 in file RTE\Device\TM4C123GH6PM\startup_TM4C123.s
      At line 281 in file RTE\Device\TM4C123GH6PM\startup_TM4C123.s

QEI0_Handler 00000034

Symbol: QEI0_Handler
   Definitions
      At line 369 in file RTE\Device\TM4C123GH6PM\startup_TM4C123.s
   Uses
      At line 97 in file RTE\Device\TM4C123GH6PM\startup_TM4C123.s
      At line 370 in file RTE\Device\TM4C123GH6PM\startup_TM4C123.s

QEI1_Handler 00000066




ARM Macro Assembler    Page 12 Alphabetic symbol ordering
Relocatable symbols

Symbol: QEI1_Handler
   Definitions
      At line 519 in file RTE\Device\TM4C123GH6PM\startup_TM4C123.s
   Uses
      At line 122 in file RTE\Device\TM4C123GH6PM\startup_TM4C123.s
      At line 520 in file RTE\Device\TM4C123GH6PM\startup_TM4C123.s

QEI2_Handler 000000C2

Symbol: QEI2_Handler
   Definitions
      At line 795 in file RTE\Device\TM4C123GH6PM\startup_TM4C123.s
   Uses
      At line 197 in file RTE\Device\TM4C123GH6PM\startup_TM4C123.s
      At line 796 in file RTE\Device\TM4C123GH6PM\startup_TM4C123.s

Reset_Handler 00000000

Symbol: Reset_Handler
   Definitions
      At line 233 in file RTE\Device\TM4C123GH6PM\startup_TM4C123.s
   Uses
      At line 66 in file RTE\Device\TM4C123GH6PM\startup_TM4C123.s
      At line 234 in file RTE\Device\TM4C123GH6PM\startup_TM4C123.s

SSI0_Handler 00000028

Symbol: SSI0_Handler
   Definitions
      At line 333 in file RTE\Device\TM4C123GH6PM\startup_TM4C123.s
   Uses
      At line 91 in file RTE\Device\TM4C123GH6PM\startup_TM4C123.s
      At line 334 in file RTE\Device\TM4C123GH6PM\startup_TM4C123.s

SSI1_Handler 0000005E

Symbol: SSI1_Handler
   Definitions
      At line 495 in file RTE\Device\TM4C123GH6PM\startup_TM4C123.s
   Uses
      At line 118 in file RTE\Device\TM4C123GH6PM\startup_TM4C123.s
      At line 496 in file RTE\Device\TM4C123GH6PM\startup_TM4C123.s

SSI2_Handler 00000086

Symbol: SSI2_Handler
   Definitions
      At line 615 in file RTE\Device\TM4C123GH6PM\startup_TM4C123.s
   Uses
      At line 141 in file RTE\Device\TM4C123GH6PM\startup_TM4C123.s
      At line 616 in file RTE\Device\TM4C123GH6PM\startup_TM4C123.s

SSI3_Handler 00000088

Symbol: SSI3_Handler
   Definitions
      At line 621 in file RTE\Device\TM4C123GH6PM\startup_TM4C123.s
   Uses
      At line 142 in file RTE\Device\TM4C123GH6PM\startup_TM4C123.s



ARM Macro Assembler    Page 13 Alphabetic symbol ordering
Relocatable symbols

      At line 622 in file RTE\Device\TM4C123GH6PM\startup_TM4C123.s

SVC_Handler 00000012

Symbol: SVC_Handler
   Definitions
      At line 270 in file RTE\Device\TM4C123GH6PM\startup_TM4C123.s
   Uses
      At line 76 in file RTE\Device\TM4C123GH6PM\startup_TM4C123.s
      At line 271 in file RTE\Device\TM4C123GH6PM\startup_TM4C123.s

SYSCTL_Handler 00000052

Symbol: SYSCTL_Handler
   Definitions
      At line 459 in file RTE\Device\TM4C123GH6PM\startup_TM4C123.s
   Uses
      At line 112 in file RTE\Device\TM4C123GH6PM\startup_TM4C123.s
      At line 460 in file RTE\Device\TM4C123GH6PM\startup_TM4C123.s

SysTick_Handler 00000018

Symbol: SysTick_Handler
   Definitions
      At line 285 in file RTE\Device\TM4C123GH6PM\startup_TM4C123.s
   Uses
      At line 80 in file RTE\Device\TM4C123GH6PM\startup_TM4C123.s
      At line 286 in file RTE\Device\TM4C123GH6PM\startup_TM4C123.s

TIMER0A_Handler 00000040

Symbol: TIMER0A_Handler
   Definitions
      At line 405 in file RTE\Device\TM4C123GH6PM\startup_TM4C123.s
   Uses
      At line 103 in file RTE\Device\TM4C123GH6PM\startup_TM4C123.s
      At line 406 in file RTE\Device\TM4C123GH6PM\startup_TM4C123.s

TIMER0B_Handler 00000042

Symbol: TIMER0B_Handler
   Definitions
      At line 411 in file RTE\Device\TM4C123GH6PM\startup_TM4C123.s
   Uses
      At line 104 in file RTE\Device\TM4C123GH6PM\startup_TM4C123.s
      At line 412 in file RTE\Device\TM4C123GH6PM\startup_TM4C123.s

TIMER1A_Handler 00000044

Symbol: TIMER1A_Handler
   Definitions
      At line 417 in file RTE\Device\TM4C123GH6PM\startup_TM4C123.s
   Uses
      At line 105 in file RTE\Device\TM4C123GH6PM\startup_TM4C123.s
      At line 418 in file RTE\Device\TM4C123GH6PM\startup_TM4C123.s

TIMER1B_Handler 00000046

Symbol: TIMER1B_Handler



ARM Macro Assembler    Page 14 Alphabetic symbol ordering
Relocatable symbols

   Definitions
      At line 423 in file RTE\Device\TM4C123GH6PM\startup_TM4C123.s
   Uses
      At line 106 in file RTE\Device\TM4C123GH6PM\startup_TM4C123.s
      At line 424 in file RTE\Device\TM4C123GH6PM\startup_TM4C123.s

TIMER2A_Handler 00000048

Symbol: TIMER2A_Handler
   Definitions
      At line 429 in file RTE\Device\TM4C123GH6PM\startup_TM4C123.s
   Uses
      At line 107 in file RTE\Device\TM4C123GH6PM\startup_TM4C123.s
      At line 430 in file RTE\Device\TM4C123GH6PM\startup_TM4C123.s

TIMER2B_Handler 0000004A

Symbol: TIMER2B_Handler
   Definitions
      At line 435 in file RTE\Device\TM4C123GH6PM\startup_TM4C123.s
   Uses
      At line 108 in file RTE\Device\TM4C123GH6PM\startup_TM4C123.s
      At line 436 in file RTE\Device\TM4C123GH6PM\startup_TM4C123.s

TIMER3A_Handler 00000060

Symbol: TIMER3A_Handler
   Definitions
      At line 501 in file RTE\Device\TM4C123GH6PM\startup_TM4C123.s
   Uses
      At line 119 in file RTE\Device\TM4C123GH6PM\startup_TM4C123.s
      At line 502 in file RTE\Device\TM4C123GH6PM\startup_TM4C123.s

TIMER3B_Handler 00000062

Symbol: TIMER3B_Handler
   Definitions
      At line 507 in file RTE\Device\TM4C123GH6PM\startup_TM4C123.s
   Uses
      At line 120 in file RTE\Device\TM4C123GH6PM\startup_TM4C123.s
      At line 508 in file RTE\Device\TM4C123GH6PM\startup_TM4C123.s

TIMER4A_Handler 00000098

Symbol: TIMER4A_Handler
   Definitions
      At line 669 in file RTE\Device\TM4C123GH6PM\startup_TM4C123.s
   Uses
      At line 154 in file RTE\Device\TM4C123GH6PM\startup_TM4C123.s
      At line 670 in file RTE\Device\TM4C123GH6PM\startup_TM4C123.s

TIMER4B_Handler 0000009A

Symbol: TIMER4B_Handler
   Definitions
      At line 675 in file RTE\Device\TM4C123GH6PM\startup_TM4C123.s
   Uses
      At line 155 in file RTE\Device\TM4C123GH6PM\startup_TM4C123.s
      At line 676 in file RTE\Device\TM4C123GH6PM\startup_TM4C123.s



ARM Macro Assembler    Page 15 Alphabetic symbol ordering
Relocatable symbols


TIMER5A_Handler 0000009C

Symbol: TIMER5A_Handler
   Definitions
      At line 681 in file RTE\Device\TM4C123GH6PM\startup_TM4C123.s
   Uses
      At line 176 in file RTE\Device\TM4C123GH6PM\startup_TM4C123.s
      At line 682 in file RTE\Device\TM4C123GH6PM\startup_TM4C123.s

TIMER5B_Handler 0000009E

Symbol: TIMER5B_Handler
   Definitions
      At line 687 in file RTE\Device\TM4C123GH6PM\startup_TM4C123.s
   Uses
      At line 177 in file RTE\Device\TM4C123GH6PM\startup_TM4C123.s
      At line 688 in file RTE\Device\TM4C123GH6PM\startup_TM4C123.s

UART0_Handler 00000024

Symbol: UART0_Handler
   Definitions
      At line 321 in file RTE\Device\TM4C123GH6PM\startup_TM4C123.s
   Uses
      At line 89 in file RTE\Device\TM4C123GH6PM\startup_TM4C123.s
      At line 322 in file RTE\Device\TM4C123GH6PM\startup_TM4C123.s

UART1_Handler 00000026

Symbol: UART1_Handler
   Definitions
      At line 327 in file RTE\Device\TM4C123GH6PM\startup_TM4C123.s
   Uses
      At line 90 in file RTE\Device\TM4C123GH6PM\startup_TM4C123.s
      At line 328 in file RTE\Device\TM4C123GH6PM\startup_TM4C123.s

UART2_Handler 0000005C

Symbol: UART2_Handler
   Definitions
      At line 489 in file RTE\Device\TM4C123GH6PM\startup_TM4C123.s
   Uses
      At line 117 in file RTE\Device\TM4C123GH6PM\startup_TM4C123.s
      At line 490 in file RTE\Device\TM4C123GH6PM\startup_TM4C123.s

UART3_Handler 0000008A

Symbol: UART3_Handler
   Definitions
      At line 627 in file RTE\Device\TM4C123GH6PM\startup_TM4C123.s
   Uses
      At line 143 in file RTE\Device\TM4C123GH6PM\startup_TM4C123.s
      At line 628 in file RTE\Device\TM4C123GH6PM\startup_TM4C123.s

UART4_Handler 0000008C

Symbol: UART4_Handler
   Definitions



ARM Macro Assembler    Page 16 Alphabetic symbol ordering
Relocatable symbols

      At line 633 in file RTE\Device\TM4C123GH6PM\startup_TM4C123.s
   Uses
      At line 144 in file RTE\Device\TM4C123GH6PM\startup_TM4C123.s
      At line 634 in file RTE\Device\TM4C123GH6PM\startup_TM4C123.s

UART5_Handler 0000008E

Symbol: UART5_Handler
   Definitions
      At line 639 in file RTE\Device\TM4C123GH6PM\startup_TM4C123.s
   Uses
      At line 145 in file RTE\Device\TM4C123GH6PM\startup_TM4C123.s
      At line 640 in file RTE\Device\TM4C123GH6PM\startup_TM4C123.s

UART6_Handler 00000090

Symbol: UART6_Handler
   Definitions
      At line 645 in file RTE\Device\TM4C123GH6PM\startup_TM4C123.s
   Uses
      At line 146 in file RTE\Device\TM4C123GH6PM\startup_TM4C123.s
      At line 646 in file RTE\Device\TM4C123GH6PM\startup_TM4C123.s

UART7_Handler 00000092

Symbol: UART7_Handler
   Definitions
      At line 651 in file RTE\Device\TM4C123GH6PM\startup_TM4C123.s
   Uses
      At line 147 in file RTE\Device\TM4C123GH6PM\startup_TM4C123.s
      At line 652 in file RTE\Device\TM4C123GH6PM\startup_TM4C123.s

UDMAERR_Handler 00000076

Symbol: UDMAERR_Handler
   Definitions
      At line 567 in file RTE\Device\TM4C123GH6PM\startup_TM4C123.s
   Uses
      At line 131 in file RTE\Device\TM4C123GH6PM\startup_TM4C123.s
      At line 568 in file RTE\Device\TM4C123GH6PM\startup_TM4C123.s

UDMA_Handler 00000074

Symbol: UDMA_Handler
   Definitions
      At line 561 in file RTE\Device\TM4C123GH6PM\startup_TM4C123.s
   Uses
      At line 130 in file RTE\Device\TM4C123GH6PM\startup_TM4C123.s
      At line 562 in file RTE\Device\TM4C123GH6PM\startup_TM4C123.s

USB0_Handler 00000070

Symbol: USB0_Handler
   Definitions
      At line 549 in file RTE\Device\TM4C123GH6PM\startup_TM4C123.s
   Uses
      At line 128 in file RTE\Device\TM4C123GH6PM\startup_TM4C123.s
      At line 550 in file RTE\Device\TM4C123GH6PM\startup_TM4C123.s




ARM Macro Assembler    Page 17 Alphabetic symbol ordering
Relocatable symbols

UsageFault_Handler 00000010

Symbol: UsageFault_Handler
   Definitions
      At line 266 in file RTE\Device\TM4C123GH6PM\startup_TM4C123.s
   Uses
      At line 71 in file RTE\Device\TM4C123GH6PM\startup_TM4C123.s
      At line 267 in file RTE\Device\TM4C123GH6PM\startup_TM4C123.s

WDT0_Handler 0000003E

Symbol: WDT0_Handler
   Definitions
      At line 399 in file RTE\Device\TM4C123GH6PM\startup_TM4C123.s
   Uses
      At line 102 in file RTE\Device\TM4C123GH6PM\startup_TM4C123.s
      At line 400 in file RTE\Device\TM4C123GH6PM\startup_TM4C123.s

WTIMER0A_Handler 000000A0

Symbol: WTIMER0A_Handler
   Definitions
      At line 693 in file RTE\Device\TM4C123GH6PM\startup_TM4C123.s
   Uses
      At line 178 in file RTE\Device\TM4C123GH6PM\startup_TM4C123.s
      At line 694 in file RTE\Device\TM4C123GH6PM\startup_TM4C123.s

WTIMER0B_Handler 000000A2

Symbol: WTIMER0B_Handler
   Definitions
      At line 699 in file RTE\Device\TM4C123GH6PM\startup_TM4C123.s
   Uses
      At line 179 in file RTE\Device\TM4C123GH6PM\startup_TM4C123.s
      At line 700 in file RTE\Device\TM4C123GH6PM\startup_TM4C123.s

WTIMER1A_Handler 000000A4

Symbol: WTIMER1A_Handler
   Definitions
      At line 705 in file RTE\Device\TM4C123GH6PM\startup_TM4C123.s
   Uses
      At line 180 in file RTE\Device\TM4C123GH6PM\startup_TM4C123.s
      At line 706 in file RTE\Device\TM4C123GH6PM\startup_TM4C123.s

WTIMER1B_Handler 000000A6

Symbol: WTIMER1B_Handler
   Definitions
      At line 711 in file RTE\Device\TM4C123GH6PM\startup_TM4C123.s
   Uses
      At line 181 in file RTE\Device\TM4C123GH6PM\startup_TM4C123.s
      At line 712 in file RTE\Device\TM4C123GH6PM\startup_TM4C123.s

WTIMER2A_Handler 000000A8

Symbol: WTIMER2A_Handler
   Definitions
      At line 717 in file RTE\Device\TM4C123GH6PM\startup_TM4C123.s



ARM Macro Assembler    Page 18 Alphabetic symbol ordering
Relocatable symbols

   Uses
      At line 182 in file RTE\Device\TM4C123GH6PM\startup_TM4C123.s
      At line 718 in file RTE\Device\TM4C123GH6PM\startup_TM4C123.s

WTIMER2B_Handler 000000AA

Symbol: WTIMER2B_Handler
   Definitions
      At line 723 in file RTE\Device\TM4C123GH6PM\startup_TM4C123.s
   Uses
      At line 183 in file RTE\Device\TM4C123GH6PM\startup_TM4C123.s
      At line 724 in file RTE\Device\TM4C123GH6PM\startup_TM4C123.s

WTIMER3A_Handler 000000AC

Symbol: WTIMER3A_Handler
   Definitions
      At line 729 in file RTE\Device\TM4C123GH6PM\startup_TM4C123.s
   Uses
      At line 184 in file RTE\Device\TM4C123GH6PM\startup_TM4C123.s
      At line 730 in file RTE\Device\TM4C123GH6PM\startup_TM4C123.s

WTIMER3B_Handler 000000AE

Symbol: WTIMER3B_Handler
   Definitions
      At line 735 in file RTE\Device\TM4C123GH6PM\startup_TM4C123.s
   Uses
      At line 185 in file RTE\Device\TM4C123GH6PM\startup_TM4C123.s
      At line 736 in file RTE\Device\TM4C123GH6PM\startup_TM4C123.s

WTIMER4A_Handler 000000B0

Symbol: WTIMER4A_Handler
   Definitions
      At line 741 in file RTE\Device\TM4C123GH6PM\startup_TM4C123.s
   Uses
      At line 186 in file RTE\Device\TM4C123GH6PM\startup_TM4C123.s
      At line 742 in file RTE\Device\TM4C123GH6PM\startup_TM4C123.s

WTIMER4B_Handler 000000B2

Symbol: WTIMER4B_Handler
   Definitions
      At line 747 in file RTE\Device\TM4C123GH6PM\startup_TM4C123.s
   Uses
      At line 187 in file RTE\Device\TM4C123GH6PM\startup_TM4C123.s
      At line 748 in file RTE\Device\TM4C123GH6PM\startup_TM4C123.s

WTIMER5A_Handler 000000B4

Symbol: WTIMER5A_Handler
   Definitions
      At line 753 in file RTE\Device\TM4C123GH6PM\startup_TM4C123.s
   Uses
      At line 188 in file RTE\Device\TM4C123GH6PM\startup_TM4C123.s
      At line 754 in file RTE\Device\TM4C123GH6PM\startup_TM4C123.s

WTIMER5B_Handler 000000B6



ARM Macro Assembler    Page 19 Alphabetic symbol ordering
Relocatable symbols


Symbol: WTIMER5B_Handler
   Definitions
      At line 759 in file RTE\Device\TM4C123GH6PM\startup_TM4C123.s
   Uses
      At line 189 in file RTE\Device\TM4C123GH6PM\startup_TM4C123.s
      At line 760 in file RTE\Device\TM4C123GH6PM\startup_TM4C123.s

119 symbols



ARM Macro Assembler    Page 1 Alphabetic symbol ordering
Absolute symbols

Heap_Size 00000000

Symbol: Heap_Size
   Definitions
      At line 44 in file RTE\Device\TM4C123GH6PM\startup_TM4C123.s
   Uses
      At line 48 in file RTE\Device\TM4C123GH6PM\startup_TM4C123.s
Comment: Heap_Size used once
Stack_Size 00001000

Symbol: Stack_Size
   Definitions
      At line 33 in file RTE\Device\TM4C123GH6PM\startup_TM4C123.s
   Uses
      At line 36 in file RTE\Device\TM4C123GH6PM\startup_TM4C123.s
Comment: Stack_Size used once
__Vectors_Size 0000026C

Symbol: __Vectors_Size
   Definitions
      At line 226 in file RTE\Device\TM4C123GH6PM\startup_TM4C123.s
   Uses
      At line 63 in file RTE\Device\TM4C123GH6PM\startup_TM4C123.s
Comment: __Vectors_Size used once
3 symbols



ARM Macro Assembler    Page 1 Alphabetic symbol ordering
External symbols

SystemInit 00000000

Symbol: SystemInit
   Definitions
      At line 235 in file RTE\Device\TM4C123GH6PM\startup_TM4C123.s
   Uses
      At line 237 in file RTE\Device\TM4C123GH6PM\startup_TM4C123.s
Comment: SystemInit used once
__main 00000000

Symbol: __main
   Definitions
      At line 236 in file RTE\Device\TM4C123GH6PM\startup_TM4C123.s
   Uses
      At line 239 in file RTE\Device\TM4C123GH6PM\startup_TM4C123.s
Comment: __main used once
2 symbols
469 symbols in table
