


ARM Macro Assembler    Page 1 


    1 00000000         ; Filename:     main.s 
    2 00000000         ; Author:       ece353 staff 
    3 00000000         ; Description:  
    4 00000000         
    5 00000000                 export           __main
    6 00000000         
    7 00000000         
    8 00000000 00000001 
                       BYTE    EQU              1
    9 00000000 00000002 
                       HALF_WORD
                               EQU              2
   10 00000000 00000004 
                       WORD    EQU              4
   11 00000000         
   12 00000000         ;**********************************************
   13 00000000         ; SRAM
   14 00000000         ;**********************************************
   15 00000000                 AREA             SRAM, READWRITE
   16 00000000 00 00 00 
              00 00 00 
              00 00 00 
              00 00 00 
              00 00 00 
              00       ARRAY1  SPACE            8*HALF_WORD
   17 00000010 00 00 00 
              00 00 00 
              00 00 00 
              00 00 00 
              00 00 00 
              00       ARRAY2  SPACE            8*HALF_WORD
   18 00000020         
   19 00000020                 align
   20 00000020         
   21 00000020         ;**********************************************
   22 00000020         ; Constant Variables (FLASH) Segment
   23 00000020         ;**********************************************
   24 00000020                 AREA             FLASH, CODE, READONLY
   25 00000000         
   26 00000000 00 00   LTABLE  DCW              0
   27 00000002 01 00           DCW              1
   28 00000004 08 00           DCW              8
   29 00000006 1B 00           DCW              27
   30 00000008 40 00           DCW              64
   31 0000000A 7D 00           DCW              125
   32 0000000C D8 00           DCW              216
   33 0000000E 57 01           DCW              343
   34 00000010         
   35 00000010                 align
   36 00000010         
   37 00000010         ;**********************************************
   38 00000010         ; Code (FLASH) Segment
   39 00000010         ; main assembly program
   40 00000010         ;**********************************************
   41 00000010         __main  PROC
   42 00000010         
   43 00000010 481E            LDR              R0, =(LTABLE)
   44 00000012 491F            LDR              R1, =(ARRAY1)
   45 00000014 4A1F            LDR              R2, =(ARRAY2)



ARM Macro Assembler    Page 2 


   46 00000016         
   47 00000016 F8B1 A00C       LDRH             R10, [R1, #12]
   48 0000001A         
   49 0000001A 481C            LDR              R0, =(LTABLE)
   50 0000001C         ;;;;;;;
   51 0000001C         
   52 0000001C         
   53 0000001C         
   54 0000001C         
   55 0000001C 8803            LDRH             R3, [R0]    ; Value at R0 into 
                                                            R3
   56 0000001E 800B            STRH             R3, [R1]    ; Value at ro into 
                                                            address R1
   57 00000020         
   58 00000020         
   59 00000020 8843            LDRH             R3, [R0, #2]
   60 00000022 804B            STRH             R3, [R1, #2]
   61 00000024         
   62 00000024 8883            LDRH             R3, [R0, #4]
   63 00000026 808B            STRH             R3, [R1, #4]
   64 00000028         
   65 00000028 88C3            LDRH             R3, [R0, #6]
   66 0000002A 80CB            STRH             R3, [R1, #6]
   67 0000002C         
   68 0000002C 8903            LDRH             R3, [R0, #8]
   69 0000002E 810B            STRH             R3, [R1, #8]
   70 00000030         
   71 00000030 8943            LDRH             R3, [R0, #10]
   72 00000032 814B            STRH             R3, [R1, #10]
   73 00000034         
   74 00000034 8943            LDRH             R3, [R0, #10]
   75 00000036 814B            STRH             R3, [R1, #10]
   76 00000038         
   77 00000038 8983            LDRH             R3, [R0, #12]
   78 0000003A 818B            STRH             R3, [R1, #12]
   79 0000003C         
   80 0000003C 89C3            LDRH             R3, [R0, #14]
   81 0000003E 81CB            STRH             R3, [R1, #14]
   82 00000040         
   83 00000040         
   84 00000040         
   85 00000040         ;;;;;
   86 00000040         
   87 00000040 F830 4B02       LDRH             R4, [R0], #2
   88 00000044 F822 4B02       STRH             R4, [R2], #2
   89 00000048         
   90 00000048 F830 4B02       LDRH             R4, [R0], #2
   91 0000004C F822 4B02       STRH             R4, [R2], #2
   92 00000050         
   93 00000050 F830 4B02       LDRH             R4, [R0], #2
   94 00000054 F822 4B02       STRH             R4, [R2], #2
   95 00000058         
   96 00000058 F830 4B02       LDRH             R4, [R0], #2
   97 0000005C F822 4B02       STRH             R4, [R2], #2
   98 00000060         
   99 00000060 F830 4B02       LDRH             R4, [R0], #2
  100 00000064 F822 4B02       STRH             R4, [R2], #2
  101 00000068         
  102 00000068 F830 4B02       LDRH             R4, [R0], #2



ARM Macro Assembler    Page 3 


  103 0000006C F822 4B02       STRH             R4, [R2], #2
  104 00000070         
  105 00000070 F830 4B02       LDRH             R4, [R0], #2
  106 00000074 F822 4B02       STRH             R4, [R2], #2
  107 00000078         
  108 00000078 F830 4B02       LDRH             R4, [R0], #2
  109 0000007C F822 4B02       STRH             R4, [R2], #2
  110 00000080         
  111 00000080 F830 4B02       LDRH             R4, [R0], #2
  112 00000084 F822 4B02       STRH             R4, [R2], #2
  113 00000088         
  114 00000088         ; DO NOT MODIFY ANTHING BELOW THIS LINE!!! 
  115 00000088         
  116 00000088         INFINITE_LOOP
  117 00000088 E7FE            B                INFINITE_LOOP
  118 0000008A         
  119 0000008A                 ENDP
  120 0000008A 00 00           align
  121 0000008C         
  122 0000008C         
  123 0000008C                 END
              00000000 
              00000000 
              00000000 
Command Line: --debug --xref --cpu=Cortex-M4.fp --apcs=interwork --depend=.\obj
\ece353_main.d -o.\obj\ece353_main.o -I"I:\my docs\ECE 353\Week02-B-LoadStore\W
eek02-B-LoadStore\P2A\src\RTE" -IC:\AppV\mdk_510\ARM\PACK\ARM\CMSIS\4.1.1\CMSIS
\Include -IC:\AppV\mdk_510\ARM\PACK\Keil\TM4C_DFP\1.0.0\Device\Include\TM4C123 
--predefine="__EVAL SETA 1" --predefine="__MICROLIB SETA 1" --list=.\lst\ece353
_main.lst ece353_main.s



ARM Macro Assembler    Page 1 Alphabetic symbol ordering
Relocatable symbols

ARRAY1 00000000

Symbol: ARRAY1
   Definitions
      At line 16 in file ece353_main.s
   Uses
      At line 44 in file ece353_main.s
Comment: ARRAY1 used once
ARRAY2 00000010

Symbol: ARRAY2
   Definitions
      At line 17 in file ece353_main.s
   Uses
      At line 45 in file ece353_main.s
Comment: ARRAY2 used once
SRAM 00000000

Symbol: SRAM
   Definitions
      At line 15 in file ece353_main.s
   Uses
      None
Comment: SRAM unused
3 symbols



ARM Macro Assembler    Page 1 Alphabetic symbol ordering
Relocatable symbols

FLASH 00000000

Symbol: FLASH
   Definitions
      At line 24 in file ece353_main.s
   Uses
      None
Comment: FLASH unused
INFINITE_LOOP 00000088

Symbol: INFINITE_LOOP
   Definitions
      At line 116 in file ece353_main.s
   Uses
      At line 117 in file ece353_main.s
Comment: INFINITE_LOOP used once
LTABLE 00000000

Symbol: LTABLE
   Definitions
      At line 26 in file ece353_main.s
   Uses
      At line 43 in file ece353_main.s
      At line 49 in file ece353_main.s

__main 00000010

Symbol: __main
   Definitions
      At line 41 in file ece353_main.s
   Uses
      At line 5 in file ece353_main.s
Comment: __main used once
4 symbols



ARM Macro Assembler    Page 1 Alphabetic symbol ordering
Absolute symbols

BYTE 00000001

Symbol: BYTE
   Definitions
      At line 8 in file ece353_main.s
   Uses
      None
Comment: BYTE unused
HALF_WORD 00000002

Symbol: HALF_WORD
   Definitions
      At line 9 in file ece353_main.s
   Uses
      At line 16 in file ece353_main.s
      At line 17 in file ece353_main.s

WORD 00000004

Symbol: WORD
   Definitions
      At line 10 in file ece353_main.s
   Uses
      None
Comment: WORD unused
3 symbols
345 symbols in table
